--------------------------------------------------
RECEIPT             : 
--------------------------------------------------
Object Name         : GRANDMART BESTMART
Address             : AZ1060 BAKI ŞƏHƏRİ NİZAMİ RAYONU QARA QARAYEV PR. ev.126 m-
Code                : 1401395111-16004
Tax Payer           : "GRAND-MART" MƏHDUD MƏSULİYYƏTLİ CƏMİYYƏTİ
TIN                 : 1401395111
Receipt #           : 943777
Cashier             : Agakisiyeva Xayala
Date                : 16.12.2024
Time                : 17:21:47
--------------------------------------------------
Product              Qty      Price      Amount    
__________________________________________________
COREK ZAVOD NUR 580Q R 1.0      0.55       0.55      
COREK COREKC! 600QR  1.0      0.75       0.75      
MVT.GM HEYVA GOYCAY KG "Trade 0.98     1.30       1.27      
__________________________________________________
Total Amount        : 2.57
Tax Amount          : 0.10
Non-Tax Amount      : 2.47
Cashless Payment    : 0.00
Cash Payment        : 2.57
Paid Cash           : 5.00
Change              : 2.43
Bonus               : 0.00
Prepayment          : 0.00
Credit              : 0.00
--------------------------------------------------
