--------------------------------------------------
RECEIPT             : 
--------------------------------------------------
Object Name         : -
Address             : -
Code                : 1701102351-16005
Tax Payer           : "ANC GROUP" MƏHDUD MƏSULİYYƏTLİ CƏMİYYƏTİ
TIN                 : 1701102351
Receipt #           : 570247
Cashier             : Əsmər Osmanova Əfqan
Date                : 08.12.2024
Time                : 21:08:08
--------------------------------------------------
Product              Qty      Price      Amount    
__________________________________________________
COREK DELTA COREKCIZ AVOD COREYİ 1.0      0.75       0.75      
ISTISU MINERAL SUYU 1L TPET 1.0      1.40       1.40      
BADAM KQ Trade       0.33     3.49       117.00    
MUSTERI PAKETI BOYÜK 1.0      0.05       0.05      
MUSTERI PAKETI BOYÜK 1.0      0.05       0.05      
__________________________________________________
Total Amount        : 3.42
Tax Amount          : 1.61
Non-Tax Amount      : 1.81
Cashless Payment    : 0.00
Cash Payment        : 3.42
Paid Cash           : 10.00
Change              : 6.58
Bonus               : 0.00
Prepayment          : 0.00
Credit              : 0.00
--------------------------------------------------
