--------------------------------------------------
RECEIPT             : 
--------------------------------------------------
Object Name         : BRAVO-KAFE KOROĞLU
Address             : AZ1029 BAKI ŞƏHƏRİ NİZAMİ RAYONU HEYDƏR ƏLİYEV: PROSPEKTİ ev.172 SAYLI SAHƏ
Code                : 4101872942-16001
Tax Payer           : HÜMMƏTOV AQIL HABIL OĞLU
TIN                 : 4101872942
Receipt #           : 233790
Cashier             : Kaccup NGA 1
Date                : 30.12.2024
Time                : 15:26:36
--------------------------------------------------
Product              Qty      Price      Amount    
__________________________________________________
Toyug Corekde *Simplified tax Et Corekde 1.0      3.40       3.40      
__________________________________________________
Total Amount        : 7.20
Tax Amount          : 7.20
Non-Tax Amount      : 0.00
Cashless Payment    : 7.20
Cash Payment        : 0.00
Paid Cash           : 0.00
Change              : 0.00
Bonus               : 0.00
Prepayment          : 0.00
Credit              : 0.00
--------------------------------------------------
