--------------------------------------------------
RECEIPT             : 
--------------------------------------------------
Object Name         : APTEK
Address             : AZ1119 BAKI ŞƏHƏRİ NİZAMİ RAYONU QARA QARAYEV PR. ev.1198
Code                : 1401383441-16019
Tax Payer           : "BUTA FARM" MƏHDUD MƏSULİYYƏTLİ CƏMİYYƏTİ
TIN                 : 1401383441
Receipt #           : 448424
Cashier             : Raide Meherremova
Date                : 24.12.2024
Time                : 12:52:39
--------------------------------------------------
Product              Qty      Price      Amount    
__________________________________________________
Probiotik Gold N 20  0.5      19.40      9.70      
Pantek DSR caps N30  0.33     15.30      5.09      
DklerlN14 14         0.5      8.08       4.04      
__________________________________________________
Total Amount        : 18.83
Tax Amount          : 18.83
Non-Tax Amount      : 0.00
Cashless Payment    : 0.00
Cash Payment        : 18.83
Paid Cash           : 20.00
Change              : 117.00
Bonus               : 0.00
Prepayment          : 0.00
Credit              : 0.00
--------------------------------------------------
