--------------------------------------------------
RECEIPT             : 
--------------------------------------------------
Object Name         : KÖHNƏ PALTARLAR MAGAZASI
Address             : AZ1142 BAKI ŞƏHƏRİ NİZAMİ RAYONU QARA QARAYEV PR. ev.108F m.0
Code                : 1201543122-16001
Tax Payer           : NIFTALIYEV EMİL
TIN                 : 1201543122
Receipt #           : 45800
Cashier             : Default Clerk
Date                : 29.12.2024
Time                : 12:54:11
--------------------------------------------------
Product              Qty      Price      Amount    
__________________________________________________
Geyim                1.0      12.75      12.75     
__________________________________________________
Total Amount        : 12.75
Tax Amount          : 12.75
Non-Tax Amount      : 0.00
Cashless Payment    : 0.00
Cash Payment        : 12.75
Paid Cash           : 0.00
Change              : 0.00
Bonus               : 0.00
Prepayment          : 0.00
Credit              : 0.00
--------------------------------------------------
