--------------------------------------------------
RECEIPT             : 
--------------------------------------------------
Object Name         : FLO (MƏHƏMMƏD HADI)
Address             : AZ1149 BAKI ŞƏHƏRİ XƏTAİ RAYONU MƏHƏMMƏD HADI ev.39R
Code                : 1700118872-20001
Tax Payer           : SALMANOV ZABİL ŞƏKİL: OĞLU
TIN                 : 1700118872
Receipt #           : 169865
Cashier             : Əhmədova Vəzufa Meh.
Date                : 05.01.2025,
Time                : 12:07:29
--------------------------------------------------
Product              Qty      Price      Amount    
__________________________________________________
KINETIX SHOES MAN 4W STARGO 4PR 1.0      62.90      62.90     
__________________________________________________
Total Amount        : 62.99
Tax Amount          : 62.99
Non-Tax Amount      : 0.00
Cashless Payment    : 62.99
Cash Payment        : 0.00
Paid Cash           : 0.00
Change              : 0.00
Bonus               : 0.00
Prepayment          : 0.00
Credit              : 0.00
--------------------------------------------------
