--------------------------------------------------
RECEIPT             : 
--------------------------------------------------
Object Name         : GRANDMART
Address             : AZ1118 BAKI ŞƏHƏRİ NİZAMİ RAYONU QARA QARAYEV PR. ev.46
Code                : 1401395111-16002
Tax Payer           : "GRAND-MART" MƏHDUD MƏSULİYYƏTLİ CƏMİYYƏTİ
TIN                 : 1401395111
Receipt #           : 1003373
Cashier             : Valiyeva Aybaniz
Date                : 24.12.2024
Time                : 08:15:48
--------------------------------------------------
Product              Qty      Price      Amount    
__________________________________________________
KEKS MINI ETI POPKEK 45 QR CHOCOLATE 1.0      0.60       0.60      
VAFLI BISCOLATA 50QR V ENI CHOCOLATE 1.0      0.69       0.69      
AZCAKE BULKA SADE ED 1.0      0.63       0.63      
DRAJE MENTOS 10QR MI NIRADUQA BANKA 1.0      0.30       0.30      
__________________________________________________
Total Amount        : 2.22
Tax Amount          : 2.22
Non-Tax Amount      : 0.00
Cashless Payment    : 0.00
Cash Payment        : 2.22
Paid Cash           : 50.00
Change              : 47.78
Bonus               : 0.00
Prepayment          : 0.00
Credit              : 0.00
--------------------------------------------------
