--------------------------------------------------
RECEIPT             : 
--------------------------------------------------
Object Name         : APTEK
Address             : AZ1119 BAKI ŞƏHƏRİ NİZAMİ RAYONU QARA QARAYEV PR. ev.1198
Code                : 1401383441-16019
Tax Payer           : "BUTA FARM" MƏHDUD MƏSULİYYƏTLİ CƏMİYYƏTİ
TIN                 : 1401383441
Receipt #           : 448135
Cashier             : Raide Meherremova
Date                : 23.12.2024
Time                : 17:57:32
--------------------------------------------------
Product              Qty      Price      Amount    
__________________________________________________
Sevpram 10 mq N 28   0.5      11.22      5.61      
__________________________________________________
Total Amount        : 5.61
Tax Amount          : 5.61
Non-Tax Amount      : 0.00
Cashless Payment    : 0.00
Cash Payment        : 5.61
Paid Cash           : 21.00
Change              : 15.39
Bonus               : 0.00
Prepayment          : 0.00
Credit              : 0.00
--------------------------------------------------
