--------------------------------------------------
                     RECEIPT                      
--------------------------------------------------
Store Name          : "BELARUSKI" ƏRZAQ MAGAZASI
Address             : AZ1096 BAKI ŞƏHƏRİ NİZAMİ RAYONU QARA QARAYEV PR. ev.61C
Code                : 1300557531-16001
Tax Payer           : "AZNUR" M@HDUD MƏSULİYYƏTLİ CƏMİYYƏTİ
TIN                 : 1300557531
Receipt #           : 281464
Cashier             : KASSIR NEFTCILER 2
Date                : 23.12.2024
Time                : 17:33:47
--------------------------------------------------
Product              Qty      Price      Amount    
__________________________________________________
Kolbasa Bishmish Pereme nka Luks VitebskBPF 400 gr ela nov qush eti 1.0      4.40       4.40      
__________________________________________________
Total Amount        : 4.40
Tax Amount          : 4.40
Non-Tax Amount      : 0.00
Cashless Payment    : 0.00
Cash Payment        : 4.40
Paid Cash           : 10.00
Change              : 5.60
Bonus               : 0.00
Prepayment          : 0.00
Credit              : 0.00
--------------------------------------------------
                    THANK YOU!                    
--------------------------------------------------
