--------------------------------------------------
RECEIPT             : 
--------------------------------------------------
Object Name         : ROTANTE
Address             : AZ1095 BAKI ŞƏHƏRİ NƏSİMİ RAYONU NEFTÇİLƏR PR. ev.64-72
Code                : 1703736621-14001
Tax Payer           : "UTILE" Mahdud Məsuliyyətli Cəmiyyəti
TIN                 : 1703736621
Receipt #           : 2310
Cashier             : Əsmər
Date                : 04.01.2025
Time                : 20:16:35
--------------------------------------------------
Product              Qty      Price      Amount    
__________________________________________________
4lu KEMIKSIZ CITIR MENU *Simplified tax : 2% 4 PARCA CITIR TAVUK ST RIPS *Simplified tax 1.0      9.90       9.90      
KUCUK BOY PATATES (Üpc) *Simplified tax : 2% SPRITE 16 0Z 4754L *Simplified tax 1.0      0.00       0.00      
Buzsuz “Simplified tax 1.0      0.00       0.00      
__________________________________________________
Total Amount        : 10.50
Tax Amount          : 10.50
Non-Tax Amount      : 0.00
Cashless Payment    : 10.50
Cash Payment        : 0.00
Paid Cash           : 0.00
Change              : 0.00
Bonus               : 0.00
Prepayment          : 0.00
Credit              : 0.00
--------------------------------------------------
