--------------------------------------------------
RECEIPT             : 
--------------------------------------------------
Object Name         : "BELARUSKI" ƏRZAQ MAGAZASI
Address             : AZ1096 BAKI ŞƏHƏRİ NİZAMİ RAYONU QARA QARAYEV PR. ev.61C
Code                : 1300557531-16001
Tax Payer           : "AZNUR" MƏHDUD MƏSULİYYƏTLİ CƏMİYYƏTİ
TIN                 : 1300557531
Receipt #           : 319565
Cashier             : KASSIR NEFTCILER 1
Date                : 22.12.2024
Time                : 18:26:40
--------------------------------------------------
Product              Qty      Price      Amount    
__________________________________________________
Donuz piyi mehsullar Qr udinka po Volkovisski lyu ks düzlü VMK kq 0.33     16.70      5.51      
Vafli Tradisionnie shokola dniy vkus 100 qr Slodich 1.0      0.95       0.95      
Kesmik Myaqkiy 4 Slavy anskie tradisii MMZ1 400 ar -1       3.20       3.20      
Paket kichik sellofan Bela ruski ed. 1.0      0.03       0.03      
__________________________________________________
Total Amount        : 9.69
Tax Amount          : 9.69
Non-Tax Amount      : 0.00
Cashless Payment    : 9.69
Cash Payment        : 0.00
Paid Cash           : 0.00
Change              : 0.00
Bonus               : 0.00
Prepayment          : 0.00
Credit              : 0.00
--------------------------------------------------
