--------------------------------------------------
RECEIPT             : 
--------------------------------------------------
Object Name         : "AZZA ŞİRNİYYAT MAĞAZASI"
Address             : AZ1096 BAKI ŞƏHƏRİ NİZAMİ RAYONU KAMİL BALAKİŞİYEV ev.48 mi
Code                : 1700348101-16001
Tax Payer           : "AZZA" QAPALI SSHMDAR CƏMİYYƏTİ
TIN                 : 1700348101
Receipt #           : 239263
Cashier             : Pastry16
Date                : 18.12.2024
Time                : 17:29:25
--------------------------------------------------
Product              Qty      Price      Amount    
__________________________________________________
Mars 10 person       1.0      19.50      19.50     
kopo6ka Large        1.0      0.00       0.00      
Selofan paket satis Medium 1.0      0.00       0.00      
__________________________________________________
Total Amount        : 19.70
Tax Amount          : 19.70
Non-Tax Amount      : 0.00
Cashless Payment    : 19.70
Cash Payment        : 0.00
Paid Cash           : 0.00
Change              : 0.00
Bonus               : 0.00
Prepayment          : 0.00
Credit              : 0.00
--------------------------------------------------
