--------------------------------------------------
RECEIPT             : 
--------------------------------------------------
Object Name         : GLORIA JEANS COFFEE
Address             : AZ1001 BAKI ŞƏHƏRİ SƏBAİL RAYONU İSTİQLALİYYƏT ev.51/H.HACIYEV 1
Code                : 1701332401-17004
Tax Payer           : "FBCO" MƏHDUD MƏSULİYYƏTLİ CƏMİYYƏTİ
TIN                 : 1701332401
Receipt #           : 184292
Cashier             : Məmmədov Namik
Date                : 24.12.2024
Time                : 13:00:32
--------------------------------------------------
Product              Qty      Price      Amount    
__________________________________________________
Double Espresso  "Simplified tax 1.0      4.70       4.70      
__________________________________________________
Total Amount        : 4.70
Tax Amount          : 4.70
Non-Tax Amount      : 0.00
Cashless Payment    : 4.70
Cash Payment        : 0.00
Paid Cash           : 0.00
Change              : 0.00
Bonus               : 0.00
Prepayment          : 0.00
Credit              : 0.00
--------------------------------------------------
