--------------------------------------------------
RECEIPT             : 
--------------------------------------------------
Object Name         : APTEK
Address             : AZ1119 BAKI ŞƏHƏRİ NİZAMİ RAYONU QARA QARAYEV PR. ev.1198
Code                : 1401383441-16019
Tax Payer           : "BUTA FARM" MƏHDUD MƏSULİYYƏTLİ CƏMİYYƏTİ
TIN                 : 1401383441
Receipt #           : 450648
Cashier             : Raide Meherremova
Date                : 30.12.2024
Time                : 13:55:32
--------------------------------------------------
Product              Qty      Price      Amount    
__________________________________________________
Strepsils limon bal 24 0.5      5.57       2.79      
__________________________________________________
Total Amount        : 14.39
Tax Amount          : 14.39
Non-Tax Amount      : 0.00
Cashless Payment    : 14.39
Cash Payment        : 0.00
Paid Cash           : 0.00
Change              : 0.00
Bonus               : 0.00
Prepayment          : 0.00
Credit              : 0.00
--------------------------------------------------
