--------------------------------------------------
RECEIPT             : 
--------------------------------------------------
Object Name         : ROTANTE
Address             : AZ1006 BAKI ŞƏHƏRİ YASAMAL RAYONU HUSEYN CAVID PR. ev.39
Code                : 1703833581-13001
Tax Payer           : "POLLO FRİTO" Məhdud Məsuliyyətli Cəmiyyəti
TIN                 : 1703833581
Receipt #           : 3145
Cashier             : Heydereli
Date                : 01.01.2025,
Time                : 19:25:09
--------------------------------------------------
Product              Qty      Price      Amount    
__________________________________________________
ROTANTE BLUE BERRY B URGER *Simplified tax 1.0      8.50       8.50      
__________________________________________________
Total Amount        : 8.50
Tax Amount          : 8.50
Non-Tax Amount      : 0.00
Cashless Payment    : 8.50
Cash Payment        : 0.00
Paid Cash           : 0.00
Change              : 0.00
Bonus               : 0.00
Prepayment          : 0.00
Credit              : 0.00
--------------------------------------------------
