--------------------------------------------------
                     RECEIPT                      
--------------------------------------------------
Store Name          : ARAZ MARKET
Address             : AZ1060 BAKI ŞƏHƏRİ NİZAMİ RAYONU MEHDİ ABBASOV ev/iLƏ ŞİRİN MİRZƏYEV KÜÇƏLƏRİNİN KƏSİŞMƏSİ
Code                : 1001994141-16013
Tax Payer           : "ARAZ SUPERMARKET" MƏHDUD MƏSULİYYƏTLİ CəMİYYƏTİ
TIN                 : 1001994141
Receipt #           : 586480
Cashier             : Aygün Abbasova
Date                : 15.12.2024
Time                : 18:09:59
--------------------------------------------------
Product              Qty      Price      Amount    
__________________________________________________
MINSKAYA MARKA BELAR 1.0      2.39       2.39      
ETI TUTKU 60 GR      1.0      0.80       0.80      
DC BATON KEPEKLI     1.0      0.95       0.95      
LIMON LENKERAN EDED “Trade 2.0      0.19       0.38      
ARMUD KG “Trade      0.77     1.69       1.30      
Paket Araz 27*50 3KG 1.0      0.03       0.03      
__________________________________________________
Total Amount        : 5.85
Tax Amount          : 3.30
Non-Tax Amount      : 2.55
Cashless Payment    : 0.00
Cash Payment        : 5.85
Paid Cash           : 5.85
Change              : 0.00
Bonus               : 0.00
Prepayment          : 0.00
Credit              : 0.00
--------------------------------------------------
                    THANK YOU!                    
--------------------------------------------------
