--------------------------------------------------
RECEIPT             : 
--------------------------------------------------
Object Name         : KÖHNƏ PALTARLAR MAGAZASI
Address             : AZ1118 BAKI ŞƏHƏRİ NİZAMİ RAYONU QARA QARAYEV PR. ev.102 OKEAN YEMƏKXANASI
Code                : 1504479291-16003
Tax Payer           : "MAZRA-Z" Mahdud Məsuliyyətli Cəmiyyəti
TIN                 : 1504479291
Receipt #           : 16686
Cashier             : Default Clerk
Date                : 29.12.2024
Time                : 11:40:57
--------------------------------------------------
Product              Qty      Price      Amount    
__________________________________________________
Geyim                1.0      240.00     2.40      
__________________________________________________
Total Amount        : 2.40
Tax Amount          : 2.40
Non-Tax Amount      : 0.00
Cashless Payment    : 0.00
Cash Payment        : 2.40
Paid Cash           : 2.40
Change              : 0.00
Bonus               : 0.00
Prepayment          : 0.00
Credit              : 0.00
--------------------------------------------------
