--------------------------------------------------
                     RECEIPT                      
--------------------------------------------------
Store Name          : KÖHNƏ PALTARLAR MAGAZASI
Address             : AZ1033 BAKI ŞƏHƏRİ NƏRİMANOV RAYONU TƏBRİZ ev.87 m.71
Code                : 1504479291-15001
Tax Payer           : "MAZRA-Z" Məhdud Məsuliyyətli Cəmiyyəti
TIN                 : 1504479291
Receipt #           : 15877
Cashier             : Default Clerk
Date                : 28.12.2024
Time                : 11:46:32
--------------------------------------------------
Product              Qty      Price      Amount    
__________________________________________________
Geyim                1.0      21.00      21.00     
__________________________________________________
Total Amount        : 21.00
Tax Amount          : 21.00
Non-Tax Amount      : 0.00
Cashless Payment    : 21.00
Cash Payment        : 0.00
Paid Cash           : 0.00
Change              : 0.00
Bonus               : 0.00
Prepayment          : 0.00
Credit              : 0.00
--------------------------------------------------
                    THANK YOU!                    
--------------------------------------------------
