--------------------------------------------------
                     RECEIPT                      
--------------------------------------------------
Object Name         : SPAR MARKET
Address             : AZ1141 BAKI ŞƏHƏRİ YASAMAL RAYONU FİRUDİN AĞAYEV ev.9
Code                : 1001994141-13007
Tax Payer           : "ARAZ SUPERMARKET" MƏHDUD MƏSULİYYƏTLİ CəMİYYƏTİ
TIN                 : 1001994141
Receipt #           : 904480
Cashier             : Aysun Nesibova
Date                : 31.10.2024
Time                : 15:50:24
--------------------------------------------------
Product              Qty      Price      Amount    
__________________________________________________
XONCA TOYUQ DONERI   1.0      1.90       1.90      
__________________________________________________
Total Amount        : 1.90
Tax Amount          : 1.90
Non-Tax Amount      : 0.00
Cashless Payment    : 1.90
Cash Payment        : 0.00
Paid Cash           : 0.00
Change              : 0.00
Bonus               : 0.00
Prepayment          : 0.00
Credit              : 0.00
--------------------------------------------------
                    THANK YOU!                    
--------------------------------------------------
