--------------------------------------------------
RECEIPT             : 
--------------------------------------------------
Object Name         : RESTORAN SAHIL
Address             : AZ1095 Baki ş Səbail r Uzeyir Hacıbəyov ev Bübül pr kes 207 saylt Mah 2-ci giriş 89 NBA
Code                : 1700323971-17003
Tax Payer           : "MCDONALD'S AZƏRBAYCAN" QAPALI SƏHMDAR CəMİYYƏTİ
TIN                 : 1700323971
Receipt #           : 115242
Cashier             : Haybullah Omar Burtiyev
Date                : 29.12.2024
Time                : 21:47:33
--------------------------------------------------
Product              Qty      Price      Amount    
__________________________________________________
Espresso             1.0      3.50       3.50      
__________________________________________________
Total Amount        : 3.50
Tax Amount          : 3.50
Non-Tax Amount      : 0.00
Cashless Payment    : 0.00
Cash Payment        : 3.50
Paid Cash           : 3.50
Change              : 0.00
Bonus               : 0.00
Prepayment          : 0.00
Credit              : 0.00
--------------------------------------------------
