--------------------------------------------------
                     RECEIPT                      
--------------------------------------------------
Object Name         : BAZARSTORE ( XALQLAR DOSTLUĞU )
Address             : AZ1060 BAKI ŞƏHƏRİ NİZAMİ RAYONU QARA QARAYEV PR. ev.124 mə
Code                : 2000102651-16019
Tax Payer           : "BAZARSTORE" MƏHDUD MƏSULİYYƏTLİ CƏMİYYƏTİ
TIN                 : 2000102651
Receipt #           : 378978
Cashier             : Zeynəb Cahangirzada ş.
Date                : 02.01.2025
Time                : 22:16:37
--------------------------------------------------
Product              Qty      Price      Amount    
__________________________________________________
POLO SEKER u         1.0      1.49       1.49      
__________________________________________________
Total Amount        : 1.49
Tax Amount          : 1.49
Non-Tax Amount      : 0.00
Cashless Payment    : 1.49
Cash Payment        : 0.00
Paid Cash           : 0.00
Change              : 0.00
Bonus               : 0.00
Prepayment          : 0.00
Credit              : 0.00
--------------------------------------------------
                    THANK YOU!                    
--------------------------------------------------
