--------------------------------------------------
RECEIPT             : 
--------------------------------------------------
Object Name         : ANBAR
Address             : AZ1117 BAKI ŞƏHƏRİ BİNƏQƏDİ RAYONU SUMQAYIT ŞOSSESİ (BİLƏCƏRİ QƏS.) ev.3 m.-
Code                : 1504479291-10004
Tax Payer           : "MAZRA-Z" Məhdud Məsuliyyətli Cəmiyyəti
TIN                 : 1504479291
Receipt #           : 56141
Cashier             : Default Clerk
Date                : 30.12.2024
Time                : 11:47:47
--------------------------------------------------
Product              Qty      Price      Amount    
__________________________________________________
Kostyum              1.0      41.40      41.40     
__________________________________________________
Total Amount        : 41.40
Tax Amount          : 41.40
Non-Tax Amount      : 0.00
Cashless Payment    : 41.40
Cash Payment        : 0.00
Paid Cash           : 0.00
Change              : 0.00
Bonus               : 0.00
Prepayment          : 0.00
Credit              : 0.00
--------------------------------------------------
