--------------------------------------------------
RECEIPT             : 
--------------------------------------------------
Object Name         : KONTAKT HOME MEBEL VƏ MƏİŞƏT TEXNİKASI MAGAZASI
Address             : AZ1119 BAKI ŞƏHƏRİ NİZAMİ RAYONU QARA QARAYEV PR. ev.125 B
Code                : 1401005061-16008
Tax Payer           : "ABC-TELECOM" MƏHDUD MƏSULİYYƏTLİ CƏMİYYƏTİ
TIN                 : 1401005061
Receipt #           : 76667
Cashier             : Arzu Hasanzada
Date                : 30.11.2024
Time                : 20:26:27
--------------------------------------------------
Product              Qty      Price      Amount    
__________________________________________________
Aksesuar             1.0      8.99       8.99      
__________________________________________________
Total Amount        : 8.99
Tax Amount          : 8.99
Non-Tax Amount      : 0.00
Cashless Payment    : 8.99
Cash Payment        : 0.00
Paid Cash           : 0.00
Change              : 0.00
Bonus               : 0.00
Prepayment          : 0.00
Credit              : 0.00
--------------------------------------------------
