--------------------------------------------------
RECEIPT             : 
--------------------------------------------------
Object Name         : ƏRZAQ MAGAZASI
Address             : AZ1049 BAKI ŞƏHƏRİ SURAXANI RAYONU ƏMİRCAN STQ M.MUSTAFAYEV ev.21
Code                : 2001177702-19002
Tax Payer           : ŞAMXALOV MÜŞFİQ. TƏMRAZ OGLU
TIN                 : 2001177702
Receipt #           : 254829
Cashier             : Kassa3
Date                : 30.12.2024
Time                : 11:07:19
--------------------------------------------------
Product              Qty      Price      Amount    
__________________________________________________
CAR DOKTOR QOST BISM IS KQ (4187/7845) kq. 320.0    26.40      34.90     
BOSTAN XIYAR TURSU 70 0 GRəd. 2.0      7.00       4.00      
BOSTAN QIRMIZI POMIDO- RTRS 700 GR ad. 1.0      1.98       3.96      
SMETANOVNA XAMA 20% 375 GR (12) ad. 2.0      2.00       2.00      
Sutas qaymaq 200gr (27 Jad. 3.0      3.59       7.18      
KOK                  360.0    2.78       8.34      
BALLI KULOK STS BOYUK 0.05 4.0      1.07       1.45      
MECTA XOZAYKI MOYANE Z KLASSİK 50.5% 670GR. ad 2.0      0.05       0.20      
BONDUELLE QARGIDALI 500 ML ad, 2.0      5.27       10.50     
BONDUELLE YASIL NOXU D SUSE 720 ML ad 2.0      3.17       4.00      
SUN QU SALFET 30*30C M 80"40 QAZ ad. 2.0      3.99       6.34      
R.SERINOVA DIBCEK 101 402 ad, 2.0      0.87       7.98      
PIVE HEINEKEN BANKA 0. 5 iad 4.0      5.40       174.00    
__________________________________________________
Total Amount        : 113.36
Tax Amount          : 111.70
Non-Tax Amount      : 1.66
Cashless Payment    : 0.00
Cash Payment        : 113.36
Paid Cash           : 120.00
Change              : 6.64
Bonus               : 0.00
Prepayment          : 0.00
Credit              : 0.00
--------------------------------------------------
