--------------------------------------------------
RECEIPT             : 
--------------------------------------------------
Object Name         : RAHAT AİLƏ MARKET NEFTÇİLƏR 4
Address             : AZ1118 BAKI ŞƏHƏRİ NİZAMİ RAYONU QARA QARAYEV PR. ev.62 m-
Code                : 1701102351-16005
Tax Payer           : "ANC GROUP" MƏHDUD MƏSULİYYƏTLİ CƏMİYYƏTİ
TIN                 : 1701102351
Receipt #           : 588368
Cashier             : Gülər Cəfərova Ceyhun
Date                : 26.12.2024
Time                : 20:36:53
--------------------------------------------------
Product              Qty      Price      Amount    
__________________________________________________
ISTISU MINERAL SUYU 1L TPET 1.0      1.40       1.40      
COREK DELTA COREKCIZ AVOD COREY! 1.0      0.75       0.75      
__________________________________________________
Total Amount        : 2.15
Tax Amount          : 1.40
Non-Tax Amount      : 0.75
Cashless Payment    : 0.00
Cash Payment        : 2.15
Paid Cash           : 5.00
Change              : 2.85
Bonus               : 0.00
Prepayment          : 0.00
Credit              : 0.00
--------------------------------------------------
