--------------------------------------------------
RECEIPT             : 
--------------------------------------------------
Object Name         : APTEK
Address             : AZ1141 BAKI ŞƏHƏRİ YASAMAL RAYONU FİRUDİN AĞAYEV ev.5
Code                : 1500072561-13006
Tax Payer           : "AZƏRİ MED" QAPALI SƏHMDAR CƏMİYYƏTİ
TIN                 : 1500072561
Receipt #           : 176072
Cashier             : Kassir
Date                : 02.01.2025,
Time                : 17:19:57
--------------------------------------------------
Product              Qty      Price      Amount    
__________________________________________________
OPTIKA ACC SPRAY NABO R 1.0      6.00       6.00      
__________________________________________________
Total Amount        : 6.00
Tax Amount          : 6.00
Non-Tax Amount      : 0.00
Cashless Payment    : 6.00
Cash Payment        : 0.00
Paid Cash           : 0.00
Change              : 0.00
Bonus               : 0.00
Prepayment          : 0.00
Credit              : 0.00
--------------------------------------------------
