--------------------------------------------------
RECEIPT             : 
--------------------------------------------------
Object Name         : BAZARSTORE ( XALQLAR DOSTLUĞU )
Address             : AZ1060 BAKI ŞƏHƏRİ NİZAMİ RAYONU QARA QARAYEV PR. ev.124 mə
Code                : 2000102651-16019
Tax Payer           : "BAZARSTORE" MƏHDUD MƏSULİYYƏTLİ CƏMİYYƏTİ
TIN                 : 2000102651
Receipt #           : 449379
Cashier             : Əfsanə Salimova Azar
Date                : 31.10.2024
Time                : 22:42:52
--------------------------------------------------
Product              Qty      Price      Amount    
__________________________________________________
PALMOLIVE SABUN 90 Q NAR 1.0      0.99       0.99      
PALMOLIVE SABUN 90 Q ZEYTUN 1.0      0.99       0.99      
__________________________________________________
Total Amount        : 1.98
Tax Amount          : 1.98
Non-Tax Amount      : 0.00
Cashless Payment    : 1.98
Cash Payment        : 0.00
Paid Cash           : 0.00
Change              : 0.00
Bonus               : 0.00
Prepayment          : 0.00
Credit              : 0.00
--------------------------------------------------
