--------------------------------------------------
RECEIPT             : 
--------------------------------------------------
Object Name         : Elit aptek
Address             : AZ1118 BAKI ŞƏHƏRİ NİZAMİ RAYONU QARA QARAYEV PR. ev.29
Code                : 1401425191-16004
Tax Payer           : "DOKTA" MƏHDUD MƏSULİYYƏTLİ CƏMİYYƏTİ
TIN                 : 1401425191
Receipt #           : 617014
Cashier             : Vefa
Date                : 03.01.2025,
Time                : 20:10:44
--------------------------------------------------
Product              Qty      Price      Amount    
__________________________________________________
Nurofen Sirop 100m! klub nika vkus (Ibuprofen) 1.0      4.87       4.87      
Paket Orta olcu      1.0      5.04       5.04      
__________________________________________________
Total Amount        : 9.94
Tax Amount          : 9.94
Non-Tax Amount      : 0.00
Cashless Payment    : 9.94
Cash Payment        : 0.00
Paid Cash           : 0.00
Change              : 0.00
Bonus               : 0.00
Prepayment          : 0.00
Credit              : 0.00
--------------------------------------------------
