--------------------------------------------------
                     RECEIPT                      
--------------------------------------------------
Store Name          : Friends Central Perk
Address             : AZ1006 BAKI ŞƏHƏRİ YASAMAL RAYONU HUSEYN CAVİD PR. ev.26
Code                : 1605603422-13001
Tax Payer           : SAHİBZADƏ ƏKBƏR ZAKIR OĞLU
TIN                 : 1605603422
Receipt #           : 1822
Cashier             : Fira
Date                : 03.01.2025,
Time                : 19:42:49
--------------------------------------------------
Product              Qty      Price      Amount    
__________________________________________________
Feijoa&Lime Tea Hot *Simplified tax 1.0      8.90       8.90      
__________________________________________________
Total Amount        : 8.90
Tax Amount          : 8.90
Non-Tax Amount      : 0.00
Cashless Payment    : 8.90
Cash Payment        : 0.00
Paid Cash           : 0.00
Change              : 0.00
Bonus               : 0.00
Prepayment          : 0.00
Credit              : 0.00
--------------------------------------------------
                    THANK YOU!                    
--------------------------------------------------
