--------------------------------------------------
                     RECEIPT                      
--------------------------------------------------
Store Name          : "BELARUSKI" ƏRZAQ MAGAZASI
Address             : AZ1096 BAKI ŞƏHƏRİ NİZAMİ RAYONU QARA QARAYEV PR. ev.61C
Code                : 1300557531-16001
Tax Payer           : "AZNUR" M@HDUD MƏSULİYYƏTLİ CƏMİYYƏTİ
TIN                 : 1300557531
Receipt #           : 285077
Cashier             : KASSIR NEFTCILER 2
Date                : 03.01.2025
Time                : 11:16:06
--------------------------------------------------
Product              Qty      Price      Amount    
__________________________________________________
Sushki Kusariki Maxi s fru ktozoy 250 qr MXP XZ Av tomat 1.0      1.50       1.50      
Donuz piyi mehsullar Qr udinka po Derevenski lyu ks düzlü VMK kq *VAT: 18% Marmelad jevatelniy BLO GGERS Crazy Apple so vk usom yabloka 75 qr mini trubochki k s obsipke AV D 20.0     16.70      3.26      
Xama 21 Bellakt 180 qr *VAT: 18% Paket kichik sellofan Bela ruski ed. 2.0      2.00       1.40      
__________________________________________________
Total Amount        : 10.79
Tax Amount          : 10.79
Non-Tax Amount      : 0.00
Cashless Payment    : 10.79
Cash Payment        : 0.00
Paid Cash           : 0.00
Change              : 0.00
Bonus               : 0.00
Prepayment          : 0.00
Credit              : 0.00
--------------------------------------------------
                    THANK YOU!                    
--------------------------------------------------
