--------------------------------------------------
RECEIPT             : 
--------------------------------------------------
Object Name         : GRANDMART
Address             : AZ1118 BAKI ŞƏHƏRİ NİZAMİ RAYONU QARA QARAYEV PR. ev.46
Code                : 1401395111-16002
Tax Payer           : "GRAND-MART" MƏHDUD MƏSULİYYƏTLİ CƏMİYYƏTİ
TIN                 : 1401395111
Receipt #           : 966445
Cashier             : Cafarova Narmina
Date                : 27.12.2024
Time                : 07:54:54
--------------------------------------------------
Product              Qty      Price      Amount    
__________________________________________________
AZCAKE BULKA SADE ED 2.0      0.63       1.26      
AZCAKE SIMIT DUZLU   1.0      0.82       0.82      
ZEFIR HARIBO 70QR CHA MALLOWS 1.0      1.85       1.85      
__________________________________________________
Total Amount        : 3.93
Tax Amount          : 3.93
Non-Tax Amount      : 0.00
Cashless Payment    : 0.00
Cash Payment        : 3.93
Paid Cash           : 0.00
Change              : 0.00
Bonus               : 0.00
Prepayment          : 0.00
Credit              : 0.00
--------------------------------------------------
