--------------------------------------------------
                     RECEIPT                      
--------------------------------------------------
Store Name          : GRANDMART
Address             : AZ1118 BAKI ŞƏHƏRİ NİZAMİ RAYONU QARA QARAYEV PR. ev.46
Code                : 1401395111-16002
Tax Payer           : "GRAND-MART" MƏHDUD MƏSULİYYƏTLİ CƏMİYYƏTİ
TIN                 : 1401395111
Receipt #           : 964198
Cashier             : Akbarova Aydan
Date                : 23.12.2024
Time                : 13:56:40
--------------------------------------------------
Product              Qty      Price      Amount    
__________________________________________________
SAQQIZ KENT LOVE IS 4, 2QR S.BERRY BANNA 1.0      0.11       0.11      
SAQQIZ KENT LOVE IS 4, 2QR APPLE LEMON 1.0      0.11       0.11      
MVT.GM GOBELEK PACHK A EDED 1.0      3.49       3.49      
MVT.GM BANAN KG “Trade 1.09     2.94       3.20      
TOYUQ LEZZET BUTULKA DONMUSH 0.43     5.93       2.55      
SUD MILLA 3.2% 1L    1.0      2.69       2.69      
GY.GM GOYERTI EDED. “Trade 5.0      0.23       11.00     
AZCAKE QUTAB GOY KER E YAGLI 2.0      1.00       2.00      
__________________________________________________
Total Amount        : 15.30
Tax Amount          : 8.75
Non-Tax Amount      : 6.55
Cashless Payment    : 0.00
Cash Payment        : 15.30
Paid Cash           : 0.00
Change              : 0.00
Bonus               : 0.00
Prepayment          : 0.00
Credit              : 0.00
--------------------------------------------------
                    THANK YOU!                    
--------------------------------------------------
