--------------------------------------------------
RECEIPT             : 
--------------------------------------------------
Object Name         : GRANDMART
Address             : AZ1118 BAKI ŞƏHƏRİ NİZAMİ RAYONU QARA QARAYEV PR. ev.46
Code                : 1401395111-16002
Tax Payer           : "GRAND-MART" MƏHDUD MƏSULİYYƏTLİ CƏMİYYƏTİ
TIN                 : 1401395111
Receipt #           : 963828
Cashier             : Akbarova Aydan
Date                : 22.12.2024
Time                : 18:34:15
--------------------------------------------------
Product              Qty      Price      Amount    
__________________________________________________
SUD AZERSUD 1.5% 1L  1.0      2.55       2.55      
MAYONEZ PROV.SLOBOD A 67% ZEYTUN 200 ML 1.0      1.69       1.69      
MAGAZA PAKETI KICIK  1.0      0.03       0.03      
__________________________________________________
Total Amount        : 4.27
Tax Amount          : 4.27
Non-Tax Amount      : 0.00
Cashless Payment    : 0.00
Cash Payment        : 4.27
Paid Cash           : 0.00
Change              : 0.00
Bonus               : 0.00
Prepayment          : 0.00
Credit              : 0.00
--------------------------------------------------
