--------------------------------------------------
RECEIPT             : 
--------------------------------------------------
Object Name         : RAHAT AİLƏ MARKET NEFTÇİLƏR 4
Address             : AZ1118 BAKI ŞƏHƏRİ NİZAMİ RAYONU QARA QARAYEV PR. ev.62 m-
Code                : 1701102351-16005
Tax Payer           : "ANC GROUP" MƏHDUD MƏSULİYYƏTLİ CƏMİYYƏTİ
TIN                 : 1701102351
Receipt #           : 357721
Cashier             : Gülər Cəfərova Ceyhun
Date                : 16.12.2024
Time                : 20:48:15
--------------------------------------------------
Product              Qty      Price      Amount    
__________________________________________________
BADAM KQ “Trade      0.41     4.50       1.84      
SHEKER TOZU RICHMON D 800GR 1.0      7.00       71.00     
YAG FINAL 0,5LT AYCICEK 0085 1.0      2.42       2.42      
MUSTERI PAKETİ BOYUK 1.0      0.05       0.05      
__________________________________________________
Total Amount        : 6.02
Tax Amount          : 4.35
Non-Tax Amount      : 1.67
Cashless Payment    : 0.00
Cash Payment        : 6.02
Paid Cash           : 6.02
Change              : 0.00
Bonus               : 0.00
Prepayment          : 0.00
Credit              : 0.00
--------------------------------------------------
