--------------------------------------------------
RECEIPT             : 
--------------------------------------------------
Object Name         : GRANDMART
Address             : AZ1118 BAKI ŞƏHƏRİ NİZAMİ RAYONU QARA QARAYEV PR. ev.46
Code                : 1401395111-16002
Tax Payer           : "GRAND-MART" MƏHDUD MƏSULİYYƏTLİ CƏMİYYƏTİ
TIN                 : 1401395111
Receipt #           : 973261
Cashier             : Cafarova Narmina
Date                : 07.01.2025
Time                : 14:58:51
--------------------------------------------------
Product              Qty      Price      Amount    
__________________________________________________
COREK COREKC! 400QR BATON 1.0      0.95       0.95      
COREK COREKC! 400QR BATON 1.0      0.95       0.95      
MAGAZA PAKETI BOYUK  1.0      0.05       0.05      
LIMONAD SLAVYANKA 1 LTERXUN PL. 1.0      1.83       1.83      
SU ISTISU IL QAZLI PL 1.0      1.40       1.40      
SU ISTISU IL QAZLI PL 1.0      1.40       1.40      
__________________________________________________
Total Amount        : 6.58
Tax Amount          : 4.68
Non-Tax Amount      : 1.90
Cashless Payment    : 0.00
Cash Payment        : 6.58
Paid Cash           : 0.00
Change              : 0.00
Bonus               : 0.00
Prepayment          : 0.00
Credit              : 0.00
--------------------------------------------------
