--------------------------------------------------
RECEIPT             : 
--------------------------------------------------
Object Name         : "ARAZ" MARKET
Address             : AZ1141 BAKI ŞƏHƏRİ YASAMAL RAYONU ŞƏHRİYAR ev.6
Code                : 1001994141-13001
Tax Payer           : "ARAZ SUPERMARKET" MƏHDUD MƏSULİYYƏTLİ CəMİYYƏTİ
TIN                 : 1001994141
Receipt #           : 582851
Cashier             : Leyla Bünyadova
Date                : 06.01.2025
Time                : 15:13:46
--------------------------------------------------
Product              Qty      Price      Amount    
__________________________________________________
Paket Araz 27*50 3KG 1.0      0.03       0.03      
KAZIWEH PIKOLO SHUSH 0.128    11.01      1.41      
KONFIROM BONITA RULE 0.262    8.01       2.10      
SENYA VAFLI SMAK     0.32     9.18       2.94      
NESCAFE 31N1 CLASSIC 2.0      0.30       0.60      
__________________________________________________
Total Amount        : 7.08
Tax Amount          : 7.08
Non-Tax Amount      : 0.00
Cashless Payment    : 7.08
Cash Payment        : 0.00
Paid Cash           : 0.00
Change              : 0.00
Bonus               : 0.00
Prepayment          : 0.00
Credit              : 0.00
--------------------------------------------------
