--------------------------------------------------
RECEIPT             : 
--------------------------------------------------
Object Name         : GRANDMART BESTMART
Address             : AZ1060 BAKI ŞƏHƏRİ NİZAMİ RAYONU QARA QARAYEV PR. ev.126 m-
Code                : 1401395111-16004
Tax Payer           : "GRAND-MART" MƏHDUD MƏSULİYYƏTLİ CƏMİYYƏTİ
TIN                 : 1401395111
Receipt #           : 480723
Cashier             : Abdiyev Tamkin
Date                : 30.12.2024
Time                : 14:12:49
--------------------------------------------------
Product              Qty      Price      Amount    
__________________________________________________
SU SIRAB 1.5L QAZLI PL 1.0      1.00       1.00      
SU ISTISU IL QAZLI PL 1.0      1.40       1.40      
COREK N1 400QR KEPEK LI 1.0      0.95       0.95      
SUD AZERSUD 1.5% 1L  1.0      1.99       1.99      
MAGAZA PAKETI BOYUK  1.0      0.05       0.05      
__________________________________________________
Total Amount        : 5.39
Tax Amount          : 4.44
Non-Tax Amount      : 0.95
Cashless Payment    : 5.39
Cash Payment        : 0.00
Paid Cash           : 0.00
Change              : 0.00
Bonus               : 0.00
Prepayment          : 0.00
Credit              : 0.00
--------------------------------------------------
