--------------------------------------------------
                     RECEIPT                      
--------------------------------------------------
Store Name          : BAZARSTORE ( XALQLAR DOSTLUĞU )
Address             : AZ1060 BAKI ŞƏHƏRİ NİZAMİ RAYONU QARA QARAYEV PR. ev.124 mə
Code                : 2000102651-16019
Tax Payer           : "BAZARSTORE" MƏHDUD MƏSULİYYƏTLİ CƏMİYYƏTİ
TIN                 : 2000102651
Receipt #           : 126565
Cashier             : Safura Eynullayeva Fikrat
Date                : 14.12.2024
Time                : 11:18:15
--------------------------------------------------
Product              Qty      Price      Amount    
__________________________________________________
ALMA QIRMIZI YERLI   792.0    0.79       2.21      
BAZARSTORE MARKET T ORBASI 33X60 SM 2.0      0.05       0.10      
COREKCI BATON COREY! 400 Q 1.0      0.95       0.95      
COREKCI ZAVOD COREY! 600 1.0      0.65       0.65      
MINGECEVIR KEND COLP ASI BOYUK 1.0      7.50       7.50      
RICHMOND QARABASAQ 800 1.0      2.82       2.82      
SLADYONA PECENYE SPO RT 225Q 1.0      1.05       1.05      
SUN BAKERY GALETA UN ü 1.0      1.65       1.65      
SUN SALFET 80 LI QU 29 x30 SM 1.0      0.85       0.85      
__________________________________________________
Total Amount        : 17.78
Tax Amount          : 3.65
Non-Tax Amount      : 14.13
Cashless Payment    : 0.00
Cash Payment        : 17.78
Paid Cash           : 20.00
Change              : 2.22
Bonus               : 0.00
Prepayment          : 0.00
Credit              : 0.00
--------------------------------------------------
                    THANK YOU!                    
--------------------------------------------------
