--------------------------------------------------
RECEIPT             : 
--------------------------------------------------
Object Name         : ARAZ MARKET
Address             : AZ1060 BAKI ŞƏHƏRİ NİZAMİ RAYONU MEHDİ ABBASOV ev.iLƏ ŞİRİN MİRZƏYEV KÜÇƏLƏRİNİN KƏSİŞMƏSİ
Code                : 1001994141-16013
Tax Payer           : "ARAZ SUPERMARKET" MƏHDUD MƏSULİYYƏTLİ CəMİYYƏTİ
TIN                 : 1001994141
Receipt #           : 707567
Cashier             : Türac Məmmədliyeva
Date                : 31.12.2024
Time                : 08:56:30
--------------------------------------------------
Product              Qty      Price      Amount    
__________________________________________________
SLAVYANKA LIMONAD TE 1.0      1.00       1.00      
ISTISU MINERAL SU 1L 1.0      1.40       1.40      
BERDE TEZE FILE ACIQ 1.47     7.55       11.13     
DC BATON KEPEKLI 400 2.0      0.95       1.90      
MANDARIN KG ‘Trade   1.96     1.59       3.12      
KOK KG ‘Trade        0.75     1.09       0.82      
XIYAR MELIT KG “Trade 0.7      3.59       2.51      
Paket Araz 31*60 5KG 2.0      0.05       0.10      
__________________________________________________
Total Amount        : 21.98
Tax Amount          : 2.79
Non-Tax Amount      : 19.19
Cashless Payment    : 21.98
Cash Payment        : 0.00
Paid Cash           : 0.00
Change              : 0.00
Bonus               : 0.00
Prepayment          : 0.00
Credit              : 0.00
--------------------------------------------------
