--------------------------------------------------
RECEIPT             : 
--------------------------------------------------
Object Name         : LIBRAFF
Address             : AZ1073 BAKI ŞƏHƏRİ YASAMAL RAYONU HUSEYN CAVID PR. ev.100 102 104 106 106A 1068 m...
Code                : 1702192791-13002
Tax Payer           : "LİBRAFF" MƏHDUD. MƏSULİYYƏTLİ CƏMİYYƏTİ
TIN                 : 1702192791
Receipt #           : 67576
Cashier             : PA Qonche Memishova (...
Date                : 08.01.2025
Time                : 18:45:20
--------------------------------------------------
Product              Qty      Price      Amount    
__________________________________________________
UZEYIR_HACIBEYLININ_S ECİLMİSH 1.0      11.90      119.00    
__________________________________________________
Total Amount        : 11.90
Tax Amount          : 11.90
Non-Tax Amount      : 0.00
Cashless Payment    : 11.90
Cash Payment        : 0.00
Paid Cash           : 0.00
Change              : 0.00
Bonus               : 0.00
Prepayment          : 0.00
Credit              : 0.00
--------------------------------------------------
