--------------------------------------------------
                     RECEIPT                      
--------------------------------------------------
Store Name          : BAZARSTORE ( XALQLAR DOSTLUĞU )
Address             : AZ1060 BAKI ŞƏHƏRİ NİZAMİ RAYONU QARA QARAYEV PR. ev.124 mə
Code                : 2000102651-16019
Tax Payer           : "BAZARSTORE" MƏHDUD MƏSULİYYƏTLİ CƏMİYYƏTİ
TIN                 : 2000102651
Receipt #           : 125210
Cashier             : Esmira Mirzayeva Qasim
Date                : 10.12.2024
Time                : 12:35:42
--------------------------------------------------
Product              Qty      Price      Amount    
__________________________________________________
BABAYEVSKİY KARAMEL S KAZKA KQ 252.0    7.59       1.91      
GALINA BLANCA UNIVER SAL EDVİYYAT 75 Q 1.0      1.20       1.20      
MINGECEVIR KEND COLP ASI BOYUK 2.0      7.50       15.00     
SUN SALFET 80 LI QU 29 x30 SM 1.0      0.85       0.00      
YEDOY SAC LAVAS! 10 ED ED 3.0      0.65       0.85      
__________________________________________________
Total Amount        : 20.91
Tax Amount          : 3.96
Non-Tax Amount      : 16.95
Cashless Payment    : 0.00
Cash Payment        : 20.91
Paid Cash           : 21.00
Change              : 0.09
Bonus               : 0.00
Prepayment          : 0.00
Credit              : 0.00
--------------------------------------------------
                    THANK YOU!                    
--------------------------------------------------
