--------------------------------------------------
RECEIPT             : 
--------------------------------------------------
Object Name         : DƏFTƏRXANA MALLARI MAGAZASI
Address             : AZ1141 BAKI ŞƏHƏRİ YASAMAL RAYONU ZAHID XƏLİLOV ev.B.VAHABZADƏ KÜÇƏLƏRİNİN KƏSİŞMƏSİ m-
Code                : 1902072481-13001
Tax Payer           : "OFFICE PAGE" MƏHDUD. MƏSULİYYƏTLİ CƏMİYYƏTİ
TIN                 : 1902072481
Receipt #           : 22043
Cashier             : BDU/Satanl
Date                : 06.01.2025
Time                : 12:39:31
--------------------------------------------------
Product              Qty      Price      Amount    
__________________________________________________
2/ H?DİYY? PAKETİ CRAF 705-2 27X21X11 (4817) 112/840 -B 1.0      0.80       0.80      
‘SU QABI 611-5 D?R?C?Lİ 450ML AG 1/50 1.0      9.90       9.90      
__________________________________________________
Total Amount        : 10.70
Tax Amount          : 10.70
Non-Tax Amount      : 0.00
Cashless Payment    : 10.70
Cash Payment        : 0.00
Paid Cash           : 0.00
Change              : 0.00
Bonus               : 0.00
Prepayment          : 0.00
Credit              : 0.00
--------------------------------------------------
