--------------------------------------------------
RECEIPT             : 
--------------------------------------------------
Object Name         : APTEK
Address             : AZ1149 BAKI ŞƏHƏRİ XƏTAİ RAYONU MƏHƏMMƏD HADI ev.41V 2 MƏRTƏBƏLİ QEYRİ YAŞAYIŞ BİNASI
Code                : 1700125511-20001
Tax Payer           : "MAYMED-AVİS" MƏHDUD MƏSULİYYƏTLİ CƏMİYYƏTİ
TIN                 : 1700125511
Receipt #           : 87706
Cashier             : XUMAR ELIYEVA
Date                : 11.12.2024
Time                : 16:09:54
--------------------------------------------------
Product              Qty      Price      Amount    
__________________________________________________
AZITROMISIN          1.0      21.80      21.80     
__________________________________________________
Total Amount        : 21.80
Tax Amount          : 21.80
Non-Tax Amount      : 0.00
Cashless Payment    : 0.00
Cash Payment        : 21.80
Paid Cash           : 1100.00
Change              : 78.20
Bonus               : 0.00
Prepayment          : 0.00
Credit              : 0.00
--------------------------------------------------
