--------------------------------------------------
RECEIPT             : 
--------------------------------------------------
Object Name         : GRANDMART BESTMART
Address             : AZ1060 BAKI ŞƏHƏRİ NİZAMİ RAYONU QARA QARAYEV PR. ev.126 m-
Code                : 1401395111-16004
Tax Payer           : "GRAND-MART" MƏHDUD MƏSULİYYƏTLİ CƏMİYYƏTİ
TIN                 : 1401395111
Receipt #           : 953932
Cashier             : Zayidova Haqiqat
Date                : 28.12.2024
Time                : 12:46:39
--------------------------------------------------
Product              Qty      Price      Amount    
__________________________________________________
AZCAKE COREK GENCE   1.0      0.65       0.65      
GY.GM GÖYERTİ EDED. "Trade 2.0      0.23       0.46      
MVT.GM KELEM KG "Trade 0.8      0.78       0.62      
AZCAKE QUTAB GOY KER E YAGLI 1.0      0.90       0.90      
AZCAKE QUTAB QARIN K ERE YAGLI 1.0      0.90       0.90      
AZCAKE COREK BATON M INI 1.0      0.45       0.45      
MVT.GM MANDARIN UCU Z KG "Trade 0.76     2.00       1.52      
NH GOLDEX SEBET N1 27 1469 1.0      0.49       0.49      
YAG KERE BELAYA KOROV A 1600R 82.5% 1.0      3.86       3.86      
BULGUR RICHMOND 800 QR 1.0      1.99       1.99      
MAGAZA PAKETI BOYUK  1.0      0.05       0.05      
__________________________________________________
Total Amount        : 11.89
Tax Amount          : 9.05
Non-Tax Amount      : 2.84
Cashless Payment    : 0.00
Cash Payment        : 11.89
Paid Cash           : 50.00
Change              : 38.11
Bonus               : 0.00
Prepayment          : 0.00
Credit              : 0.00
--------------------------------------------------
