--------------------------------------------------
RECEIPT             : 
--------------------------------------------------
Object Name         : APTEK
Address             : AZ1141 BAKI ŞƏHƏRİ YASAMAL RAYONU FİRUDİN AĞAYEV ev.5
Code                : 1500072561-13006
Tax Payer           : "AZƏRİ MED" QAPALI SƏHMDAR CƏMİYYƏTİ
TIN                 : 1500072561
Receipt #           : 173256
Cashier             : Kassir
Date                : 20.12.2024
Time                : 10:32:28
--------------------------------------------------
Product              Qty      Price      Amount    
__________________________________________________
NAZOGRIP Igr N10 (pak et) (EDED) 2.0      1.02       2.04      
__________________________________________________
Total Amount        : 2.04
Tax Amount          : 2.04
Non-Tax Amount      : 0.00
Cashless Payment    : 0.00
Cash Payment        : 2.04
Paid Cash           : 2.04
Change              : 0.00
Bonus               : 0.00
Prepayment          : 0.00
Credit              : 0.00
--------------------------------------------------
