--------------------------------------------------
RECEIPT             : 
--------------------------------------------------
Object Name         : GRANDMART
Address             : AZ1118 BAKI ŞƏHƏRİ NİZAMİ RAYONU QARA QARAYEV PR. ev.46
Code                : 1401395111-16002
Tax Payer           : "GRAND-MART" MƏHDUD MƏSULİYYƏTLİ CƏMİYYƏTİ
TIN                 : 1401395111
Receipt #           : 967240
Cashier             : Calalova Lale
Date                : 28.12.2024
Time                : 08:20:25
--------------------------------------------------
Product              Qty      Price      Amount    
__________________________________________________
MVT.GM KARTOF GEDEBE YKG "Trade 3.17     1.59       5.04      
__________________________________________________
Total Amount        : 5.04
Tax Amount          : 0.40
Non-Tax Amount      : 4.64
Cashless Payment    : 0.00
Cash Payment        : 5.04
Paid Cash           : 0.00
Change              : 0.00
Bonus               : 0.00
Prepayment          : 0.00
Credit              : 0.00
--------------------------------------------------
