--------------------------------------------------
RECEIPT             : 
--------------------------------------------------
Object Name         : GRANDMART
Address             : AZ1118 BAKI ŞƏHƏRİ NİZAMİ RAYONU QARA QARAYEV PR. ev.46
Code                : 1401395111-16002
Tax Payer           : "GRAND-MART" MƏHDUD MƏSULİYYƏTLİ CƏMİYYƏTİ
TIN                 : 1401395111
Receipt #           : 994849
Cashier             : Cafarova Narmina
Date                : 10.12.2024
Time                : 15:02:46
--------------------------------------------------
Product              Qty      Price      Amount    
__________________________________________________
NH (S) PODNOS DEMIR Y UMRU 1.0      1.00       1.00      
NH (S) PODNOS DEMIR K VADRAT 1.0      1.00       1.00      
MAGAZA PAKETI BOYUK  1.0      0.05       0.05      
MAGAZA PAKETI BOYUK  1.0      0.05       0.05      
YER FISTIGI BIZIM AILE 6 ogR 1.0      0.75       0.75      
UN ALPINA 2          1.0      2.65       2.65      
SOK NATURA 200ML ALM ATP 1.0      0.60       0.60      
SOK NATURA 200ML ALM ATP 1.0      0.60       0.60      
YAG KERE BELARUS BEL MAS 1 KQ 82.5 96 1.0      22.90      22.90     
GUNTUMU PATRON 100Q R YAQUAR 1.0      0.00       0.00      
SHAMPUN VITEKS KERATI N 500ML MASLO ARQANI 1.0      1.40       1.40      
VAFLI ETI HOSBES 40QR FINDIQ KREMALI 1.0      5.75       5.75      
YAG KENT QARGIDALI 1L T 1.0      0.60       0.60      
BALZAM VITEKS KERATIN 300ML JIDKIY SELK 1.0      4.47       4.47      
CAY AZERCAY 100 QR KE KLIKOTU 1744 1.0      5.99       5.99      
KOLBASA BBEEF QIRMIZI QOYUN SERV KQ 0.6      2.60       2.60      
KREM NC 50ML LIMON Q LISIRIN DLYA RUK 1.0      118.00     7.09      
DISH PASTASI NC JEMCU Q DETSKI SOML KOMP FR UKTI 1.0      2.00       2.75      
MAKARON HARIKA 500Q R RISONI 2141 1.0      2.75       1.39      
SUXARI XRUS TEAM XXL 100QR TELYATENA 1.0      1.39       1.49      
MAKARON HARIKA 500Q R RISONI 2141 1.0      1.49       1.10      
MAKARON HARIKA 500Q R RISONI 2141 1.0      1.10       1.49      
SAQQIZ KENT LOVE IS 4, 2QR PINEAPPLE ORANGE 1.0      1.49       1.49      
SAQQIZ KENT LOVE IS 4, 2QR APPLE LEMON 1.0      1.49       0.11      
SHOR QAYMAQLI 18% 35 0QR 1.0      0.11       0.11      
__________________________________________________
Total Amount        : 69.22
Tax Amount          : 66.57
Non-Tax Amount      : 2.65
Cashless Payment    : 64.97
Cash Payment        : 4.25
Paid Cash           : 4.25
Change              : 0.00
Bonus               : 0.00
Prepayment          : 0.00
Credit              : 0.00
--------------------------------------------------
