--------------------------------------------------
RECEIPT             : 
--------------------------------------------------
Object Name         : Defacto Əhmədli
Address             : AZ1129 BAKI ŞƏHƏRİ XƏTAİ RAYONU ƏHMƏDLİ ŞTQ MƏHƏMMƏD HADI ev.118A
Code                : 2008387251-20001
Tax Payer           : "BİGBANG" MƏHDUD MƏSULİYYƏTLİ CƏMİYYƏTİ
TIN                 : 2008387251
Receipt #           : 22373
Cashier             : Qüdrət Mirzəyeva
Date                : 01.01.2025
Time                : 13:52:23
--------------------------------------------------
Product              Qty      Price      Amount    
__________________________________________________
W/TRO/8/B4355A/AX-868 3525101470-B4355AX 1.0      29.90      29.90     
__________________________________________________
Total Amount        : 29.99
Tax Amount          : 29.99
Non-Tax Amount      : 0.00
Cashless Payment    : 0.00
Cash Payment        : 29.99
Paid Cash           : 1100.00
Change              : 70.01
Bonus               : 0.00
Prepayment          : 0.00
Credit              : 0.00
--------------------------------------------------
