--------------------------------------------------
RECEIPT             : 
--------------------------------------------------
Object Name         : ARAZ MARKET
Address             : AZ1060 BAKI ŞƏHƏRİ NİZAMİ RAYONU MEHDİ ABBASOV ev/iLƏ ŞİRİN MİRZƏYEV KÜÇƏLƏRİNİN KƏSİŞMƏSİ
Code                : 1001994141-16013
Tax Payer           : "ARAZ SUPERMARKET" MƏHDUD MƏSULİYYƏTLİ CəMİYYƏTİ
TIN                 : 1001994141
Receipt #           : 410991
Cashier             : lalə Şirvanova
Date                : 18.12.2024
Time                : 21:08:47
--------------------------------------------------
Product              Qty      Price      Amount    
__________________________________________________
PORTAGAL KG          0.81     1.89       1.53      
ARMUD KG             1.45     1.69       2.46      
__________________________________________________
Total Amount        : 3.99
Tax Amount          : 0.18
Non-Tax Amount      : 3.81
Cashless Payment    : 0.00
Cash Payment        : 3.99
Paid Cash           : 3.99
Change              : 0.00
Bonus               : 0.00
Prepayment          : 0.00
Credit              : 0.00
--------------------------------------------------
