--------------------------------------------------
RECEIPT             : 
--------------------------------------------------
Object Name         : "AZZA ŞİRNİYYAT MAĞAZASI"
Address             : AZ1096 BAKI ŞƏHƏRİ NİZAMİ RAYONU KAMİL BALAKİŞİYEV ev.48 mi
Code                : 1700348101-16001
Tax Payer           : "AZZA" QAPALI SSHMDAR CƏMİYYƏTİ
TIN                 : 1700348101
Receipt #           : 245751
Cashier             : Pastry16
Date                : 07.01.2025
Time                : 09:47:28
--------------------------------------------------
Product              Qty      Price      Amount    
__________________________________________________
Moka 10 person       1.0      19.50      19.50     
kopo6ka Large        1.0      0.00       0.00      
Mars 20 person       1.0      34.00      34.00     
kopo6ka Big          1.0      0.00       0.00      
__________________________________________________
Total Amount        : 53.50
Tax Amount          : 53.50
Non-Tax Amount      : 0.00
Cashless Payment    : 53.50
Cash Payment        : 0.00
Paid Cash           : 0.00
Change              : 0.00
Bonus               : 0.00
Prepayment          : 0.00
Credit              : 0.00
--------------------------------------------------
