--------------------------------------------------
RECEIPT             : 
--------------------------------------------------
Object Name         : ƏRZAQ MAGAZASI
Address             : AZ1049 BAKI ŞƏHƏRİ SURAXANI RAYONU ƏMİRCAN ŞTQ. M.MUSTAFAYEV ev.21
Code                : 2001177702-19002
Tax Payer           : ŞAMXALOV MUSFIQ TƏMRAZ OGLU
TIN                 : 2001177702
Receipt #           : 251527
Cashier             : Kassa3
Date                : 22.12.2024
Time                : 16:18:50
--------------------------------------------------
Product              Qty      Price      Amount    
__________________________________________________
LAYS KLASSIK 140 GR ad. 1.0      2.95       2.95      
Badamli qazli su 1 ited. 1.0      0.74       0.74      
PEPSI 1LT ad         1.0      0.99       0.99      
M.KRUCOK NAZIK ad.   1.0      1.20       1.20      
__________________________________________________
Total Amount        : 5.88
Tax Amount          : 5.88
Non-Tax Amount      : 0.00
Cashless Payment    : 0.00
Cash Payment        : 5.88
Paid Cash           : 10.00
Change              : 4.12
Bonus               : 0.00
Prepayment          : 0.00
Credit              : 0.00
--------------------------------------------------
