--------------------------------------------------
RECEIPT             : 
--------------------------------------------------
Object Name         : BAZARSTORE ( XALQLAR DOSTLUĞU )
Address             : AZ1060 BAKI ŞƏHƏRİ NİZAMİ RAYONU QARA QARAYEV PR. ev.124 mə
Code                : 2000102651-16019
Tax Payer           : "BAZARSTORE" MƏHDUD MƏSULİYYƏTLİ CƏMİYYƏTİ
TIN                 : 2000102651
Receipt #           : 486845
Cashier             : Safura Eynullayeva Fikrat
Date                : 03.01.2025
Time                : 17:35:25
--------------------------------------------------
Product              Qty      Price      Amount    
__________________________________________________
POLO SEKER 34 Q NANE u 1.0      1.49       1.49      
BAZARSTORE MARKET T ORBASI 28X50 SM 1.0      0.03       0.03      
CAMELION SUPER HEAVY DUTY AAA 4 LU 1.0      2.30       2.30      
N1 EXTRA BATON 400   1.0      0.95       0.95      
N1 KEPEKLI BATON 400 1.0      0.95       0.95      
__________________________________________________
Total Amount        : 5.72
Tax Amount          : 3.82
Non-Tax Amount      : 1.90
Cashless Payment    : 5.72
Cash Payment        : 0.00
Paid Cash           : 0.00
Change              : 0.00
Bonus               : 0.00
Prepayment          : 0.00
Credit              : 0.00
--------------------------------------------------
