--------------------------------------------------
                     RECEIPT                      
--------------------------------------------------
Store Name          : KÖHNƏ PALTARLAR MAGAZASI
Address             : AZ1111 BAKI ŞƏHƏRİ NƏSİMİ RAYONU ASIF MƏHƏRRƏMOV ev.24A
Code                : 1503244972-14003
Tax Payer           : İSMAYILOV ZƏRBALI IDRIS OĞLU
TIN                 : 1503244972
Receipt #           : 15737
Cashier             : Default Clerk
Date                : 30.12.2024
Time                : 13:54:55
--------------------------------------------------
Product              Qty      Price      Amount    
__________________________________________________
Geyim                1.0      72.36      72.36     
__________________________________________________
Total Amount        : 72.36
Tax Amount          : 72.36
Non-Tax Amount      : 0.00
Cashless Payment    : 72.36
Cash Payment        : 0.00
Paid Cash           : 0.00
Change              : 0.00
Bonus               : 0.00
Prepayment          : 0.00
Credit              : 0.00
--------------------------------------------------
                    THANK YOU!                    
--------------------------------------------------
