--------------------------------------------------
RECEIPT             : 
--------------------------------------------------
Object Name         : GRANDMART
Address             : AZ1118 BAKI ŞƏHƏRİ NİZAMİ RAYONU QARA QARAYEV PR. ev.46
Code                : 1401395111-16002
Tax Payer           : "GRAND-MART" MƏHDUD MƏSULİYYƏTLİ CƏMİYYƏTİ
TIN                 : 1401395111
Receipt #           : 957657
Cashier             : Akbarova Aydan
Date                : 11.12.2024
Time                : 13:48:10
--------------------------------------------------
Product              Qty      Price      Amount    
__________________________________________________
COREK COREKCI 400QR BATON 1.0      0.95       0.95      
PECENYE ULKER IKRAM 8 AQR SHOKOLAD 1.0      0.99       0.99      
PECENYE SUPER KONTIK 50QR SOKOLAD 4.0      0.49       1.96      
NH (S) PODNOS DEMIR Y UMRU 1.0      1.00       1.00      
‘SU ISTISU 1L QAZLI PL 1.0      1.40       1.40      
MAGAZA PAKETI KICIK  1.0      0.03       0.03      
__________________________________________________
Total Amount        : 6.33
Tax Amount          : 5.38
Non-Tax Amount      : 0.95
Cashless Payment    : 0.00
Cash Payment        : 6.33
Paid Cash           : 0.00
Change              : 0.00
Bonus               : 0.00
Prepayment          : 0.00
Credit              : 0.00
--------------------------------------------------
