--------------------------------------------------
RECEIPT             : 
--------------------------------------------------
Object Name         : BAZARSTORE ( XALQLAR DOSTLUĞU )
Address             : AZ1060 BAKI ŞƏHƏRİ NİZAMİ RAYONU QARA QARAYEV PR. ev.124 mə
Code                : 2000102651-16019
Tax Payer           : "BAZARSTORE" MƏHDUD MƏSULİYYƏTLİ CƏMİYYƏTİ
TIN                 : 2000102651
Receipt #           : 127936
Cashier             : Esmira Mirzayeva Qasim
Date                : 19.12.2024
Time                : 12:50:45
--------------------------------------------------
Product              Qty      Price      Amount    
__________________________________________________
ALMA QIRMIZI YERLIKQ 1.754    0.79       139.00    
BAZARSTORE MARKET T ORBASI 33X60 SM *VAT: 18% BONDUELLE SIRIN QARGI DALI 425 Q TNK 2.0      0.05       0.10      
COREKCI ZAVOD COREY! 600 1.0      2.29       2.29      
CRYSTALEX QABYUYAN M AYE 750 ML ARMUD 1.0      0.65       0.65      
MILLI DAD BALLI TORT YU XALARI 7 LI 1.0      3.29       3.29      
MILLI DAD XENGEL 160 Q 3.0      5.99       5.99      
SHAAN GOLD BASMATI D UYU 2 KQ KİSE 1.0      1.00       3.00      
SUN BAKERY QOGAL SIRI NDIQ 1.0      7.49       7.49      
TESS CAY EARL GREY 10 0 GR STRS BERGAMOT 1.0      0.69       0.69      
__________________________________________________
Total Amount        : 27.19
Tax Amount          : 25.15
Non-Tax Amount      : 2.04
Cashless Payment    : 0.00
Cash Payment        : 27.19
Paid Cash           : 27.19
Change              : 0.00
Bonus               : 0.00
Prepayment          : 0.00
Credit              : 0.00
--------------------------------------------------
