--------------------------------------------------
RECEIPT             : 
--------------------------------------------------
Object Name         : BAZARSTORE ( XALQLAR DOSTLUĞU )
Address             : AZ1060 BAKI ŞƏHƏRİ NİZAMİ RAYONU QARA QARAYEV PR. ev.124 mə
Code                : 2000102651-16019
Tax Payer           : "BAZARSTORE" MƏHDUD MƏSULİYYƏTLİ CƏMİYYƏTİ
TIN                 : 2000102651
Receipt #           : 55259
Cashier             : Safura Eynullayeva Fikrat
Date                : 29.12.2024
Time                : 13:28:32
--------------------------------------------------
Product              Qty      Price      Amount    
__________________________________________________
AZERSUD SUD 1 L 3.2% TETRA PAK 1.0      1.95       1.95      
BAZARSTORE MARKET T ORBASI 33X60 SM 2.0      0.05       0.10      
BIZIM TARLA XIYAR TURS USU 680 Q 1.0      2.69       2.69      
BONDUELLE YASIL NOXU D 400 ML TNK 1.0      2.29       2.29      
COREKCI ZAVOD COREY! 600 1.0      0.65       0.65      
GILEZI YUMURTA SARI QA BLASDIRMA 10 1.0      2.20       2.20      
NEWLAND KERE YAGI! 1 K Q 1.0      17.90      17.90     
ROMASKA XAMA 320 Q 2 5% 1.0      9.00       9.00      
SIYEZEN D.T TOYUQ ACI Q TEZE 490.0    3.79       3.79      
SLOBODA MAYONEZ 375 ML XAMALI 67% 1.0      4.89       121.00    
TESS THYME CAY 100 Q KEKLIKOTU LIMON 1.0      3.10       8.00      
__________________________________________________
Total Amount        : 49.24
Tax Amount          : 34.21
Non-Tax Amount      : 15.03
Cashless Payment    : 0.00
Cash Payment        : 49.24
Paid Cash           : 1100.00
Change              : 50.76
Bonus               : 0.00
Prepayment          : 0.00
Credit              : 0.00
--------------------------------------------------
