--------------------------------------------------
RECEIPT             : 
--------------------------------------------------
Object Name         : RAHAT MARKET CRESCENT
Address             : AZ1095 BAKI ŞƏHƏRİ NƏSİMİ RAYONU NEFTÇİLƏR PR. ev.64-72.
Code                : 1701102351-14014
Tax Payer           : "ANC GROUP" MƏHDUD. MƏSULİYYƏTLİ CƏMİYYƏTİ
TIN                 : 1701102351
Receipt #           : 92785
Cashier             : Ülvüyyə Hacıyeva Mühü...
Date                : 04.01.2025
Time                : 20:05:03
--------------------------------------------------
Product              Qty      Price      Amount    
__________________________________________________
SU SLAVYANKA 0.5LT QA ZSIZ PL.0059 1.0      0.55       0.55      
__________________________________________________
Total Amount        : 0.55
Tax Amount          : 0.55
Non-Tax Amount      : 0.00
Cashless Payment    : 0.00
Cash Payment        : 0.55
Paid Cash           : 0.00
Change              : 0.00
Bonus               : 0.00
Prepayment          : 0.00
Credit              : 0.00
--------------------------------------------------
