--------------------------------------------------
RECEIPT             : 
--------------------------------------------------
Object Name         : BAZARSTORE ( XALQLAR DOSTLUĞU )
Address             : AZ1060 BAKI ŞƏHƏRİ NİZAMİ RAYONU QARA QARAYEV PR. ev.124 mə
Code                : 2000102651-16019
Tax Payer           : "BAZARSTORE" MƏHDUD MƏSULİYYƏTLİ CƏMİYYƏTİ
TIN                 : 2000102651
Receipt #           : 378977
Cashier             : Zeynəb Cahangirzada ş.
Date                : 02.01.2025
Time                : 22:13:06
--------------------------------------------------
Product              Qty      Price      Amount    
__________________________________________________
BAZARSTORE MARKET T ORBASI 28X50 SM 1.0      0.03       0.03      
MILLA SUD 1L3,2% YAG u 1.0      1.99       1.99      
PATRON GUNEBAXAN TU MU QARA 120 Q PANTER A 1.0      0.80       0.80      
SLADYONA BOROW PECE NYE 250 Q SOKOLADLI 1.0      154.00     1.54      
START SOKOLADLI TOP 0. 75Q 1.0      0.99       0.99      
__________________________________________________
Total Amount        : 5.35
Tax Amount          : 5.35
Non-Tax Amount      : 0.00
Cashless Payment    : 5.35
Cash Payment        : 0.00
Paid Cash           : 0.00
Change              : 0.00
Bonus               : 0.00
Prepayment          : 0.00
Credit              : 0.00
--------------------------------------------------
