--------------------------------------------------
RECEIPT             : 
--------------------------------------------------
Object Name         : MEMİ KÖHNƏ PALTARLAR MAGAZASI
Address             : AZ1142 BAKI ŞƏHƏRİ NİZAMİ RAYONU QARA QARAYEV PR. ev.108F m.0
Code                : 1201543122-16001
Tax Payer           : NIFTALIYEV EMIL
TIN                 : 1201543122
Receipt #           : 3646
Cashier             : Default Clerk
Date                : 02.01.2025
Time                : 13:53:11
--------------------------------------------------
Product              Qty      Price      Amount    
__________________________________________________
Geyim                1.0      5.00       5.00      
__________________________________________________
Total Amount        : 5.00
Tax Amount          : 5.00
Non-Tax Amount      : 0.00
Cashless Payment    : 0.00
Cash Payment        : 5.00
Paid Cash           : 5.00
Change              : 0.00
Bonus               : 0.00
Prepayment          : 0.00
Credit              : 0.00
--------------------------------------------------
