--------------------------------------------------
                     RECEIPT                      
--------------------------------------------------
Store Name          : GRANDMART BESTMART
Address             : AZ1060 BAKI ŞƏHƏRİ NİZAMİ RAYONU QARA QARAYEV PR. ev.126 m-
Code                : 1401395111-16004
Tax Payer           : "GRAND-MART" MƏHDUD MƏSULİYYƏTLİ CƏMİYYƏTİ
TIN                 : 1401395111
Receipt #           : 693663
Cashier             : Zayidova Haqiqat
Date                : 31.12.2024
Time                : 13:07:56
--------------------------------------------------
Product              Qty      Price      Amount    
__________________________________________________
COREK COREKC! 400QR BATON 1.0      0.95       0.95      
AZCAKE COREK KERPIC 4 1.0      0.70       0.70      
AZCAKE COREK BATON B OYUK 1.0      0.95       0.95      
MAGAZA PAKETI KICIK  1.0      0.03       0.03      
MVT.GM BANAN KG "Trade 0.97     1.98       1.92      
MVT.GM PORTAGAL TURK KG "Trade 0.9      1.99       1.79      
MVT.GM MANDARIN UCU Z KG Trade 0.98     2.00       1.96      
MAGAZA PAKETI KICIK  1.0      0.03       0.03      
‘SOK FRUMBA TL MULTIVI TAMIN TP 1.0      1.65       1.65      
DUZ BIZIM DUZ 850QR X OREK P, 1.0      0.49       0.49      
‘SU ISTISU 1L QAZLI PL 1.0      1.40       1.40      
SHEKER TOZU RICHMON D 800 QR 1.0      1.78       1.78      
‘SOK FRUTIK ERIK 950ML TP 1.0      1.59       1.59      
MAGAZA PAKETI BOYUK  1.0      0.05       0.05      
MAGAZA PAKETI BOYUK  1.0      0.05       0.05      
__________________________________________________
Total Amount        : 15.34
Tax Amount          : 752.00
Non-Tax Amount      : -736.66
Cashless Payment    : 0.00
Cash Payment        : 15.34
Paid Cash           : 0.00
Change              : 0.00
Bonus               : 0.00
Prepayment          : 0.00
Credit              : 0.00
--------------------------------------------------
                    THANK YOU!                    
--------------------------------------------------
