--------------------------------------------------
RECEIPT             : 
--------------------------------------------------
Object Name         : "BELARUSKI" ƏRZAQ MAGAZASI
Address             : AZ1096 BAKI ŞƏHƏRİ NİZAMİ RAYONU QARA QARAYEV PR. ev.61C
Code                : 1300557531-16001
Tax Payer           : "AZNUR" M@HDUD MƏSULİYYƏTLİ CƏMİYYƏTİ
TIN                 : 1300557531
Receipt #           : 318707
Cashier             : KASSIR NEFTCILER 1
Date                : 19.12.2024
Time                : 17:30:08
--------------------------------------------------
Product              Qty      Price      Amount    
__________________________________________________
Donuz piyi mehsullar Qr udinka po Derevenski lyu ks duzlu VMK kq 0.2      16.70      3.34      
Pechenye Malinoviy Slodi ch 100 qr Slodich 1.0      0.00       0.70      
Pechenye Slodich s frukt ozoy 100 qr Slodich 1.0      0.70       0.70      
Pechenye Vanilnoe luks 4 30 gr Slodich 1.0      0.70       2.50      
Vafli Tradisionnie shokola dniy vkus 100 qr Slodich 1.0      2.50       0.95      
Kesmik Myaqkiy 4 Slavy anskie tradisii MMZ1 400 qr 1.0      0.95       3.20      
Xama 20 Yas Belous 180 qr Slutskiy SdK 1.0      3.20       2.20      
__________________________________________________
Total Amount        : 13.59
Tax Amount          : 13.59
Non-Tax Amount      : 0.00
Cashless Payment    : 0.00
Cash Payment        : 13.59
Paid Cash           : 54.00
Change              : 40.41
Bonus               : 0.00
Prepayment          : 0.00
Credit              : 0.00
--------------------------------------------------
