--------------------------------------------------
RECEIPT             : 
--------------------------------------------------
Object Name         : ARAZ MARKET
Address             : AZ1060 BAKI ŞƏHƏRİ NİZAMİ RAYONU MEHDİ ABBASOV ev/iLƏ ŞİRİN MİRZƏYEV KÜÇƏLƏRİNİN KƏSİŞMƏSİ
Code                : 1001994141-16013
Tax Payer           : "ARAZ SUPERMARKET" MƏHDUD MƏSULİYYƏTLİ CəMİYYƏTİ
TIN                 : 1001994141
Receipt #           : 711534
Cashier             : Pervane Eskerova
Date                : 04.01.2025
Time                : 22:19:03
--------------------------------------------------
Product              Qty      Price      Amount    
__________________________________________________
MOL.MIR QORODEN KER E 1.0      20.95      20.95     
XONCA KOKOSLU PECEN “ 0.27     10.00      2.72      
ISANA SERIM 30 MLHA  1.0      9.99       9.99      
KDV DIVNAYA DAR.KON  11.0     11.98      1.27      
AKKOND MINI-RULET RU 0.18     15.00      2.73      
Paket Araz27*503KG   1.0      0.03       0.03      
__________________________________________________
Total Amount        : 37.69
Tax Amount          : 37.69
Non-Tax Amount      : 0.00
Cashless Payment    : 37.69
Cash Payment        : 0.00
Paid Cash           : 0.00
Change              : 0.00
Bonus               : 0.00
Prepayment          : 0.00
Credit              : 0.00
--------------------------------------------------
