--------------------------------------------------
RECEIPT             : 
--------------------------------------------------
Object Name         : AL MARKET
Address             : AZ1114 BAKI ŞƏHƏRİ NƏSİMİ RAYONU MİRMAHMUD KAZIMOVSKİ ev.2018 m.-
Code                : 1005498281-14013
Tax Payer           : "AL MARKET" M@HDUD MƏSULİYYƏTLİ CƏMİYYƏTİ
TIN                 : 1005498281
Receipt #           : 303535
Cashier             : AYSEL HÜMMƏT QIZI Ə,
Date                : 14.12.2024
Time                : 19:45:06
--------------------------------------------------
Product              Qty      Price      Amount    
__________________________________________________
AL MARKET MUS.TOR. 26 S0CM 40MİK 1.0      0.03       0.03      
QARABASAQLI COVDAR C OREYİ 350 1.0      0.60       0.60      
ROMASKA XAMA 320 Q 2 5% 1.0      4.90       4.90      
__________________________________________________
Total Amount        : 5.53
Tax Amount          : 4.93
Non-Tax Amount      : 0.60
Cashless Payment    : 5.53
Cash Payment        : 0.00
Paid Cash           : 0.00
Change              : 0.00
Bonus               : 0.00
Prepayment          : 0.00
Credit              : 0.00
--------------------------------------------------
