--------------------------------------------------
RECEIPT             : 
--------------------------------------------------
Object Name         : ƏRZAQ MAGAZASI
Address             : AZ1049 BAKI ŞƏHƏRİ SURAXANI RAYONU ƏMİRCAN STQ M.MUSTAFAYEV ev.21
Code                : 2001177702-19002
Tax Payer           : ŞAMXALOV MUSFIQ TƏMRAZ OGLU
TIN                 : 2001177702
Receipt #           : 679675
Cashier             : Kassal
Date                : 31.12.2024
Time                : 13:20:10
--------------------------------------------------
Product              Qty      Price      Amount    
__________________________________________________
B.NORMAL BATON əd.   2.0      0.70       1.40      
RED BULL ENERGY 0.355 iad. 3.0      4.67       14.00     
BONDUELLE QARGIDAL 500 ML ad. 2.0      3.17       1.00      
SANDORA ALBALI 1L ad. 1.0      3.34       6.34      
SOCHNAYA DOLINA SHAF TALI/ALMA 0.95 LT ad. 2.0      1.67       3.34      
BALLI KULOK STS BOYUK = 0.05 3.0      0.05       3.34      
__________________________________________________
Total Amount        : 28.58
Tax Amount          : 27.03
Non-Tax Amount      : 1.55
Cashless Payment    : 0.00
Cash Payment        : 28.58
Paid Cash           : 28.58
Change              : 0.00
Bonus               : 0.00
Prepayment          : 0.00
Credit              : 0.00
--------------------------------------------------
