--------------------------------------------------
RECEIPT             : 
--------------------------------------------------
Object Name         : GRANDMART BESTMART
Address             : AZ1060 BAKI ŞƏHƏRİ NİZAMİ RAYONU QARA QARAYEV PR. ev.126 m-
Code                : 1401395111-16004
Tax Payer           : "GRAND-MART" MƏHDUD MƏSULİYYƏTLİ CƏMİYYƏTİ
TIN                 : 1401395111
Receipt #           : 961200
Cashier             : Agakisiyeva Xayala
Date                : 06.01.2025
Time                : 18:44:25
--------------------------------------------------
Product              Qty      Price      Amount    
__________________________________________________
MVT.GM MANDARIN UCU Z KG "Trade 0.72     1.97       1.42      
MAGAZA PAKETI BOYUK  1.0      0.05       0.05      
__________________________________________________
Total Amount        : 1.47
Tax Amount          : 0.16
Non-Tax Amount      : 1.31
Cashless Payment    : 1.47
Cash Payment        : 0.00
Paid Cash           : 0.00
Change              : 0.00
Bonus               : 0.00
Prepayment          : 0.00
Credit              : 0.00
--------------------------------------------------
