--------------------------------------------------
RECEIPT             : 
--------------------------------------------------
Object Name         : GRANDMART BESTMART
Address             : AZ1060 BAKI ŞƏHƏRİ NİZAMİ RAYONU QARA QARAYEV PR. ev.126 m-
Code                : 1401395111-16004
Tax Payer           : "GRAND-MART" MƏHDUD MƏSULİYYƏTLİ CaMiyyaTi
TIN                 : 1401395111
Receipt #           : 942675
Cashier             : Zayidova Haqiqat
Date                : 15.12.2024
Time                : 11:36:17
--------------------------------------------------
Product              Qty      Price      Amount    
__________________________________________________
YAG KENT QARGIDALI 1L T 1.0      4.47       447.00    
‘SUD MILLA 1.5% 1L   1.0      1.99       1.99      
YUMURTA SARI ED      10.0     0.15       1.50      
YAG MOCUZE 250QR KRE M 1.0      1.50       1.50      
YAG MOCUZE PACKA 250 QR QAT QAT 1.0      1.50       1.50      
KESMIK AZ FOOD 200QR PEHRIZ 1.0      159.00     1.59      
COREK COREKC! 400QR BATON 1.0      0.95       0.95      
MAGAZA PAKETI KICIK  1.0      0.03       0.03      
MAGAZA PAKETI KICIK  1.0      0.03       0.03      
__________________________________________________
Total Amount        : 13.56
Tax Amount          : 12.61
Non-Tax Amount      : 0.95
Cashless Payment    : 0.00
Cash Payment        : 13.56
Paid Cash           : 13.56
Change              : 0.00
Bonus               : 0.00
Prepayment          : 0.00
Credit              : 0.00
--------------------------------------------------
