--------------------------------------------------
RECEIPT             : 
--------------------------------------------------
Object Name         : APTEK
Address             : AZ1141 BAKI ŞƏHƏRİ YASAMAL RAYONU FİRUDİN AĞAYEV ev.5
Code                : 1500072561-13006
Tax Payer           : "AZƏRİ MED" QAPALI SƏHMDAR CƏMİYYƏTİ
TIN                 : 1500072561
Receipt #           : 176071
Cashier             : Kassir
Date                : 02.01.2025
Time                : 17:17:59
--------------------------------------------------
Product              Qty      Price      Amount    
__________________________________________________
BOLALGEN 20mg/500mg N100 (EDED) 20.0     1.08       1.08      
KLOK ZEFERAN 22x25 LD PE (1kq=145) (EDED) 1.0      0.08       1.60      
__________________________________________________
Total Amount        : 2.71
Tax Amount          : 271.00
Non-Tax Amount      : -268.29
Cashless Payment    : 271.00
Cash Payment        : 0.00
Paid Cash           : 0.00
Change              : 0.00
Bonus               : 0.00
Prepayment          : 0.00
Credit              : 0.00
--------------------------------------------------
