--------------------------------------------------
RECEIPT             : 
--------------------------------------------------
Object Name         : MEYVƏ TƏRƏVƏZ MAGAZASI
Address             : AZ1060 BAKI ŞƏHƏRİ NİZAMİ RAYONU ev.4 SAYLI KOLXOZ BAZARININ ŞƏRQ HİSSƏSİ
Code                : 1801961881-16001
Tax Payer           : "VALEHLƏR" MƏHDUD. MƏSULİYYƏTLİ CƏMİYYƏTİ
TIN                 : 1801961881
Receipt #           : 430540
Cashier             : SkmBazarl
Date                : 03.01.2025
Time                : 10:12:41
--------------------------------------------------
Product              Qty      Price      Amount    
__________________________________________________
Gunebaxan ala qovrulm us 0.15     6.89       1.02      
Araxis qovrulmuş 5kq 1.07     5.60       6.00      
Klok Mayka böyük 5kq 1.0      0.05       0.05      
__________________________________________________
Total Amount        : 7.07
Tax Amount          : 7.07
Non-Tax Amount      : 0.00
Cashless Payment    : 7.07
Cash Payment        : 0.00
Paid Cash           : 0.00
Change              : 0.00
Bonus               : 0.00
Prepayment          : 0.00
Credit              : 0.00
--------------------------------------------------
