--------------------------------------------------
RECEIPT             : 
--------------------------------------------------
Object Name         : LA LUNA
Address             : AZ1095 BAKI ŞƏHƏRİ NƏSİMİ RAYONU NEFTÇİLƏR PR. ev.64-72.
Code                : 1703555261-14002
Tax Payer           : "GUFİSA" Məhdud Məsuliyyətli Cəmiyyəti
TIN                 : 1703555261
Receipt #           : 11651
Cashier             : Kamran Masadiyev
Date                : 04.01.2025
Time                : 19:39:17
--------------------------------------------------
Product              Qty      Price      Amount    
__________________________________________________
Angel tort ‘simplified tax 1.0      7.10       7.70      
Cortado/ Flat White *Simplified tax 1.0      5.70       5.70      
__________________________________________________
Total Amount        : 13.40
Tax Amount          : 13.40
Non-Tax Amount      : 0.00
Cashless Payment    : 13.40
Cash Payment        : 0.00
Paid Cash           : 0.00
Change              : 0.00
Bonus               : 0.00
Prepayment          : 0.00
Credit              : 0.00
--------------------------------------------------
