--------------------------------------------------
RECEIPT             : 
--------------------------------------------------
Object Name         : ƏRZAQ MAGAZASI
Address             : AZ1049 BAKI ŞƏHƏRİ SURAXANI RAYONU ƏMİRCAN STQ M.MUSTAFAYEV ev.21
Code                : 2001177702-19002
Tax Payer           : ŞAMXALOV MÜŞFİQ. TƏMRAZ OGLU
TIN                 : 2001177702
Receipt #           : 665623
Cashier             : Kassa2
Date                : 25.12.2024
Time                : 14:40:48
--------------------------------------------------
Product              Qty      Price      Amount    
__________________________________________________
Azerseker Kelle Qend 80 0GRad. 2.0      2.64       5.28      
SVALYA PENDIR LITOVSKI ¥ 45% 3 KQ ka, 515.0    18.90      28.70     
Champion Pekoe 250 GR ad. 1.0      7.00       4.00      
BERQA E.GREY 225GR ə d 1.0      5.77       5.77      
Ashrafi Premium Basmati Sella Uzun Duyu 1 KG Qa bad 1.0      5.49       5.49      
PATRON TUM PATRON BI G 4D 150 GR ad. 1.0      5.47       5.47      
PATRON TUM YAQUAR 11 0 GRəd. 1.0      1.28       1.28      
COLGATE D.M TOTAL CLE AR MINT 125 ML ad, 1.0      1.40       1.40      
ROTFRONT SOKOLAD QRI LYA] 6 KQ 8217 ka, 780.0    7.26       7.26      
FAIRY QAB MAYE ALMA 1 Lad. 1.0      15.60      12.20     
SUN QU SALFET 30*30C M 80*40 QAZ ad. 3.0      6.00       1.00      
RAFAELLO 240 GR ad.  1.0      4.57       4.57      
VALIO YAG 5 KQ kq.   200.0    0.87       2.61      
PATRON QARA TUM PANT ERA 1OOGR ad. 1.0      13.20      13.20     
PROTEX SABUN CREAM 1 SOGR ad. 1.0      8.00       8.00      
ROTFRONT KARAMEL MO- SKVICKA 5 KQ kq 565.0    22.40      26.90     
XTREME3 ULTIMATE 12 LI LIST 3 ULGUCLU ad. 2.0      8.00       7.00      
Final Cay New Earl Grey 225 GR ad. 1.0      1.20       1.20      
PROTEX BS MOIST LOCK NOU 150 GR ad. 1.0      7.00       7.00      
Final Qargidali Yagi 1 LT ə d 1.0      7.70       4.22      
BONDUELLE CERN.OLIVKI S KOST 300 ML ad. 1.0      178.00     3.56      
BONDUELLE ZEL.OLIVKI BEZ KOST. 300 ML ad. 1.0      4.99       4.99      
QLAVPRODKUT QATL.SU D EKSTRA 380 GR ad. 1.0      7.00       17.00     
BALLI KULOK STS BOYUK 0.05 3.0      5.84       5.84      
__________________________________________________
Total Amount        : 153.94
Tax Amount          : 153.79
Non-Tax Amount      : 0.15
Cashless Payment    : 0.00
Cash Payment        : 153.94
Paid Cash           : 0.00
Change              : 0.00
Bonus               : 0.00
Prepayment          : 0.00
Credit              : 0.00
--------------------------------------------------
