--------------------------------------------------
RECEIPT             : 
--------------------------------------------------
Object Name         : LİBRAFF
Address             : AZ1073 BAKI ŞƏHƏRİ YASAMAL RAYONU HUSEYN CAVID PR. ev.100 102 104 106 106A 1068 m...
Code                : 1702192791-13002
Tax Payer           : "LİBRAFF" MƏHDUD. MƏSULİYYƏTLİ CƏMİYYƏTİ
TIN                 : 1702192791
Receipt #           : 66873
Cashier             : PA Qonche Memishova (...
Date                : 01.01.2025
Time                : 20:10:24
--------------------------------------------------
Product              Qty      Price      Amount    
__________________________________________________
STOIKIN_GU_NDELIYI   1.0      13.90      13.90     
__________________________________________________
Total Amount        : 13.90
Tax Amount          : 13.90
Non-Tax Amount      : 0.00
Cashless Payment    : 13.90
Cash Payment        : 0.00
Paid Cash           : 0.00
Change              : 0.00
Bonus               : 0.00
Prepayment          : 0.00
Credit              : 0.00
--------------------------------------------------
