--------------------------------------------------
RECEIPT             : 
--------------------------------------------------
Object Name         : GO SPORT - GƏNCLİK
Address             : AZ1072 BAKI ŞƏHƏRİ NƏRİMANOV RAYONU FƏTƏLİXAN XOYSKİ PR, ev.830-835-Cİ MƏHƏLLƏ
Code                : 1402773251-15002
Tax Payer           : "BLUE PLANET DISTRIBUTION” MƏHDUD MƏSULİYYƏTLİ CƏMİYYƏTİ
TIN                 : 1402773251
Receipt #           : 21032
Cashier             : Cavad Muxtarov
Date                : 02.01.2025
Time                : 11:29:39
--------------------------------------------------
Product              Qty      Price      Amount    
__________________________________________________
1909852-1010 FF BEANIE 1.0      45.00      45.00     
__________________________________________________
Total Amount        : 45.00
Tax Amount          : 45.00
Non-Tax Amount      : 0.00
Cashless Payment    : 0.00
Cash Payment        : 45.00
Paid Cash           : 45.00
Change              : 0.00
Bonus               : 0.00
Prepayment          : 0.00
Credit              : 0.00
--------------------------------------------------
