--------------------------------------------------
RECEIPT             : 
--------------------------------------------------
Object Name         : APTEK
Address             : AZ1141 BAKI ŞƏHƏRİ YASAMAL RAYONU FİRUDİN AĞAYEV ev.5
Code                : 1500072561-13006
Tax Payer           : "AZƏRİ MED" QAPALI SƏHMDAR CƏMİYYƏTİ
TIN                 : 1500072561
Receipt #           : 174096
Cashier             : Kassir
Date                : 23.12.2024
Time                : 19:14:55
--------------------------------------------------
Product              Qty      Price      Amount    
__________________________________________________
INGALIPT-N 30 ml     1.0      2.35       2.35      
GEMATOGEN 30gr (Gem atogesha) 2.0      0.60       1.20      
KLOK ZEFERAN 22x25 LD PE (1kq=145) (EDED) 1.0      0.03       0.03      
__________________________________________________
Total Amount        : 3.58
Tax Amount          : 3.58
Non-Tax Amount      : 0.00
Cashless Payment    : 3.58
Cash Payment        : 0.00
Paid Cash           : 0.00
Change              : 0.00
Bonus               : 0.00
Prepayment          : 0.00
Credit              : 0.00
--------------------------------------------------
