--------------------------------------------------
RECEIPT             : 
--------------------------------------------------
Object Name         : MUZEY
Address             : AZ1025 BAKI ŞƏHƏRİ XƏTAİ RAYONU ƏHMƏDLİ ŞTQ YUSİF SƏFƏROV ev.5
Code                : 1701024071-20001
Tax Payer           : MÜASİR İNCƏSƏNƏT FONDU
TIN                 : 1701024071
Receipt #           : 26937
Cashier             : Admin
Date                : 04.01.2025
Time                : 17:28:50
--------------------------------------------------
Product              Qty      Price      Amount    
__________________________________________________
Standart Giriş bileti 3.0      5.00       15.00     
__________________________________________________
Total Amount        : 15.00
Tax Amount          : 15.00
Non-Tax Amount      : 0.00
Cashless Payment    : 0.00
Cash Payment        : 15.00
Paid Cash           : 0.00
Change              : 0.00
Bonus               : 0.00
Prepayment          : 0.00
Credit              : 0.00
--------------------------------------------------
