--------------------------------------------------
RECEIPT             : 
--------------------------------------------------
Object Name         : GRANDMART
Address             : AZ1118 BAKI ŞƏHƏRİ NİZAMİ RAYONU QARA QARAYEV PR. ev.46
Code                : 1401395111-16002
Tax Payer           : "GRAND-MART" MƏHDUD MƏSULİYYƏTLİ CƏMİYYƏTİ
TIN                 : 1401395111
Receipt #           : 967239
Cashier             : Calalova Lale
Date                : 28.12.2024
Time                : 08:18:58
--------------------------------------------------
Product              Qty      Price      Amount    
__________________________________________________
AZCAKE BULKA SADE ED 1.0      0.63       0.63      
AZCAKE SIMIT DUZLU   2.0      0.82       1.64      
PECENYE ULKER IKRAM 5 QR CIKOLATALL 1.0      0.75       0.75      
PECENYE ULKER KAT KAT 25QR FINDIKLI 1.0      0.49       0.49      
KEKS MINI OZMO OGO-P GO 30QR AMADA 1.0      0.49       0.49      
__________________________________________________
Total Amount        : 4.00
Tax Amount          : 4.00
Non-Tax Amount      : 0.00
Cashless Payment    : 0.00
Cash Payment        : 4.00
Paid Cash           : 0.00
Change              : 0.00
Bonus               : 0.00
Prepayment          : 0.00
Credit              : 0.00
--------------------------------------------------
