--------------------------------------------------
RECEIPT             : 
--------------------------------------------------
Object Name         : GRANDMART BESTMART
Address             : AZ1060 BAKI ŞƏHƏRİ NİZAMİ RAYONU QARA QARAYEV PR. ev.126 m-
Code                : 1401395111-16004
Tax Payer           : "GRAND-MART" MƏHDUD MƏSULİYYƏTLİ CƏMİYYƏTİ
TIN                 : 1401395111
Receipt #           : 944341
Cashier             : Zayidova Haqiqat
Date                : 17.12.2024
Time                : 10:36:43
--------------------------------------------------
Product              Qty      Price      Amount    
__________________________________________________
YAG MOCUZE 250QR KRE M 1.0      1.50       1.50      
QM.QIZIL GUL KQ "Trade 0.03     37.00      1.11      
YAG KERE PREZIDENT 12 5QR 1.0      4.10       4.10      
YAG KERE NASH MOLOCN Ik 72.6% 1000R 1.0      2.20       2.20      
QM. DARCIN CUBUQ KQ  0.05     24.40      1.22      
MVT.GM KOK YERLI KQ "Trade 0.66     1.29       0.85      
MAKARON RICHMOND 50 OQR QOVRULMUS VERME SIL 0578 1.0      1.18       1.18      
COREK KURE           1.0      0.70       0.70      
UN DOYMAK            1.0      1.29       1.29      
YAG SUN PALERMO 500M L.GUNEBAXAN 1.0      2.47       2.47      
SALFET LA LUNA TK 4 LI 3 QAT 1.0      1.99       1.99      
NH GOLDEX SAXLAMA Q ABI 1500ML 113128 1.0      0.99       0.99      
NH GOLDEX SEBET N1 27 1469 1.0      0.49       0.49      
MAGAZA PAKETI BOYUK  1.0      0.05       0.05      
__________________________________________________
Total Amount        : 20.14
Tax Amount          : 16.35
Non-Tax Amount      : 3.79
Cashless Payment    : 0.00
Cash Payment        : 20.14
Paid Cash           : 20.14
Change              : 0.00
Bonus               : 0.00
Prepayment          : 0.00
Credit              : 0.00
--------------------------------------------------
