--------------------------------------------------
                     RECEIPT                      
--------------------------------------------------
Store Name          : GRANDMART BESTMART
Address             : AZ1060 BAKI ŞƏHƏRİ NİZAMİ RAYONU QARA QARAYEV PR. ev.126 m-
Code                : 1401395111-16004
Tax Payer           : "GRAND-MART" MƏHDUD MƏSULİYYƏTLİ CƏMİYYƏTİ
TIN                 : 1401395111
Receipt #           : 938863
Cashier             : Abdiyev Tamkin
Date                : 10.12.2024
Time                : 13:11:17
--------------------------------------------------
Product              Qty      Price      Amount    
__________________________________________________
MVT.GM ALMA QUSAR KG “Trade 1.12     1.49       1.67      
NH GOLDEX SAXLAMA Q ABI 800ML 113111 1.0      0.69       0.69      
COREK COREKC! 400QR BATON 1.0      0.95       0.95      
YAG KERE NASH MOLOCN IK 72.6% 2009R 1.0      4.20       4.20      
__________________________________________________
Total Amount        : 7.51
Tax Amount          : 5.02
Non-Tax Amount      : 2.49
Cashless Payment    : 0.00
Cash Payment        : 751.00
Paid Cash           : 50.00
Change              : 42.49
Bonus               : 0.00
Prepayment          : 0.00
Credit              : 0.00
--------------------------------------------------
                    THANK YOU!                    
--------------------------------------------------
