--------------------------------------------------
RECEIPT             : 
--------------------------------------------------
Object Name         : LEYLA MEDICAL CENTER
Address             : AZ1025 BAKI ŞƏHƏRİ XƏTAİ RAYONU YUSİF SƏFƏROV ev.19
Code                : 1700112491-20001
Tax Payer           : "LEYLA MEDICAL CENTER" MƏHDUD MƏSULİYYƏTLİ CəMİYYƏTİ
TIN                 : 1700112491
Receipt #           : 16245
Cashier             : Günel Qarayeva
Date                : 07.12.2024
Time                : 10:20:14
--------------------------------------------------
Product              Qty      Price      Amount    
__________________________________________________
Pediatrın ilkin baxışı (60 ) 1.0      60.00      60.00     
__________________________________________________
Total Amount        : 60.00
Tax Amount          : 60.00
Non-Tax Amount      : 0.00
Cashless Payment    : 60.00
Cash Payment        : 0.00
Paid Cash           : 0.00
Change              : 0.00
Bonus               : 0.00
Prepayment          : 0.00
Credit              : 0.00
--------------------------------------------------
