--------------------------------------------------
RECEIPT             : 
--------------------------------------------------
Object Name         : APTEK
Address             : AZ1119 BAKI ŞƏHƏRİ NİZAMİ RAYONU QARA QARAYEV PR. ev.1198
Code                : 1401383441-16019
Tax Payer           : "BUTA FARM" MƏHDUD MƏSULİYYƏTLİ CƏMİYYƏTİ
TIN                 : 1401383441
Receipt #           : 452132
Cashier             : Leyla Eliyeva
Date                : 04.01.2025
Time                : 17:40:29
--------------------------------------------------
Product              Qty      Price      Amount    
__________________________________________________
Pantek DSR caps N30  0.67     15.30      10.21     
Dklerl N14 14 (pe)   1.0      8.08       8.08      
Probiotik Gold N 2040 0.5      19.40      9.70      
Hemopropin 20 qr =   1.0      11.40      11.40     
__________________________________________________
Total Amount        : 39.39
Tax Amount          : 39.39
Non-Tax Amount      : 0.00
Cashless Payment    : 0.00
Cash Payment        : 39.39
Paid Cash           : 50.00
Change              : 10.61
Bonus               : 0.00
Prepayment          : 0.00
Credit              : 0.00
--------------------------------------------------
