--------------------------------------------------
RECEIPT             : 
--------------------------------------------------
Object Name         : GRANDMART
Address             : AZ1118 BAKI ŞƏHƏRİ NİZAMİ RAYONU QARA QARAYEV PR. ev.46
Code                : 1401395111-16002
Tax Payer           : "GRAND-MART" MƏHDUD MƏSULİYYƏTLİ CƏMİYYƏTİ
TIN                 : 1401395111
Receipt #           : 970822
Cashier             : Valiyeva Aybaniz
Date                : 03.01.2025
Time                : ibolll
--------------------------------------------------
Product              Qty      Price      Amount    
__________________________________________________
COREK COREKC! 400QR BATON 1.0      0.95       0.95      
__________________________________________________
Total Amount        : 0.95
Tax Amount          : 0.95
Non-Tax Amount      : 0.00
Cashless Payment    : 0.00
Cash Payment        : 0.95
Paid Cash           : 0.00
Change              : 0.00
Bonus               : 0.00
Prepayment          : 0.00
Credit              : 0.00
--------------------------------------------------
