--------------------------------------------------
                     RECEIPT                      
--------------------------------------------------
Store Name          : "BELARUSKI" ƏRZAQ MAGAZASI
Address             : AZ1096 BAKI ŞƏHƏRİ NİZAMİ RAYONU QARA QARAYEV PR. ev.61C
Code                : 1300557531-16001
Tax Payer           : "AZNUR" M@HDUD MƏSULİYYƏTLİ CƏMİYYƏTİ
TIN                 : 1300557531
Receipt #           : 279340
Cashier             : KASSIR NEFTCILER 2
Date                : 15.12.2024
Time                : 17:55:51
--------------------------------------------------
Product              Qty      Price      Amount    
__________________________________________________
Sushki Sladkaya pugovka s aromatom vanili 180 qr BerestPek 1.0      1.80       1.80      
Xama 22 1M Molochniy 180 qr Mol.qost 2.0      2.70       5.40      
__________________________________________________
Total Amount        : 7.20
Tax Amount          : 7.20
Non-Tax Amount      : 0.00
Cashless Payment    : 0.00
Cash Payment        : 7.20
Paid Cash           : 100.00
Change              : 92.80
Bonus               : 0.00
Prepayment          : 0.00
Credit              : 0.00
--------------------------------------------------
                    THANK YOU!                    
--------------------------------------------------
