--------------------------------------------------
RECEIPT             : 
--------------------------------------------------
Object Name         : KÖHNƏ PALTARLAR MAGAZASI
Address             : AZ1142 BAKI ŞƏHƏRİ NİZAMİ RAYONU QARA QARAYEV PR. ev.108F m.0
Code                : 1201543122-16001
Tax Payer           : NIFTALIYEV EMİL
TIN                 : 1201543122
Receipt #           : 45942
Cashier             : Default Clerk
Date                : 02.01.2025
Time                : 13:12:10
--------------------------------------------------
Product              Qty      Price      Amount    
__________________________________________________
Geyim                1.0      21.33      21.33     
__________________________________________________
Total Amount        : 21.33
Tax Amount          : 21.33
Non-Tax Amount      : 0.00
Cashless Payment    : 0.00
Cash Payment        : 21.33
Paid Cash           : 0.00
Change              : 0.00
Bonus               : 0.00
Prepayment          : 0.00
Credit              : 0.00
--------------------------------------------------
