--------------------------------------------------
RECEIPT             : 
--------------------------------------------------
Object Name         : LEYLA MEDICAL CENTER
Address             : AZ1025 BAKI ŞƏHƏRİ XƏTAİ RAYONU YUSİF SƏFƏROV ev.19
Code                : 1700112491-20001
Tax Payer           : "LEYLA MEDICAL CENTER" MƏHDUD MƏSULİYYƏTLİ CəMİYYƏTİ
TIN                 : 1700112491
Receipt #           : 16265
Cashier             : Günel Qarayeva
Date                : 07.12.2024
Time                : 11:10:06
--------------------------------------------------
Product              Qty      Price      Amount    
__________________________________________________
C-reaktiv protein (CRP) 1.0      12.00      12.00     
Hemoqram ( 29 paramet r) *VAT: 18% AŞ ciyərlərin R-skopiyası və düz proyeksiyada R-qr afiyası 1.0      12.00      12.00     
Pediatriyada müşahidə (2 saata qədər) 1.0      35.00      35.00     
Pediatriya tibb bacısı xid məti ( ambulator ) 1.0      2.00       2.00      
A qrup streptokokk (kart test) 1.0      21.00      21.00     
__________________________________________________
Total Amount        : 117.00
Tax Amount          : 117.00
Non-Tax Amount      : 0.00
Cashless Payment    : 117.00
Cash Payment        : 0.00
Paid Cash           : 0.00
Change              : 0.00
Bonus               : 0.00
Prepayment          : 0.00
Credit              : 0.00
--------------------------------------------------
