--------------------------------------------------
                     RECEIPT                      
--------------------------------------------------
Store Name          : LİBRAFF
Address             : AZ1073 BAKI ŞƏHƏRİ YASAMAL RAYONU HUSEYN CAVID PR. ev.100 102 104 106 106A 1068 m...
Code                : 1702192791-13002
Tax Payer           : "LİBRAFF" MƏHDUD. MƏSULİYYƏTLİ CƏMİYYƏTİ
TIN                 : 1702192791
Receipt #           : 67577
Cashier             : PA Qonche Memishova (...
Date                : 08.01.2025
Time                : 18:45:48
--------------------------------------------------
Product              Qty      Price      Amount    
__________________________________________________
QEYD_MARKERI_ERICHKR AUSE_VISIOLINE_V_VISI OLINE_V_16 SILINE BILE N_PASTEL_CEHRAY! 1.0      1.30       1.30      
TEXTMARKER_BENOVSHE YL_12X_Q720_MONDO 1.0      0.80       0.80      
__________________________________________________
Total Amount        : 2.10
Tax Amount          : 2.10
Non-Tax Amount      : 0.00
Cashless Payment    : 0.00
Cash Payment        : 2.10
Paid Cash           : 0.00
Change              : 0.00
Bonus               : 0.00
Prepayment          : 0.00
Credit              : 0.00
--------------------------------------------------
                    THANK YOU!                    
--------------------------------------------------
