--------------------------------------------------
RECEIPT             : 
--------------------------------------------------
Object Name         : APTEK
Address             : AZ1026 BAKI ŞƏHƏRİ NİZAMİ RAYONU ILHAM MƏMMƏDOV: ev.815-Ci KEÇİD m.-
Code                : 1401383441-16017
Tax Payer           : "BUTA FARM" MƏHDUD MƏSULİYYƏTLİ CƏMİYYƏTİ
TIN                 : 1401383441
Receipt #           : 87770
Cashier             : Senan
Date                : 03.01.2025
Time                : 20:53:41
--------------------------------------------------
Product              Qty      Price      Amount    
__________________________________________________
CAY UKROPNİY         1.0      3.30       3.30      
__________________________________________________
Total Amount        : 3.30
Tax Amount          : 3.30
Non-Tax Amount      : 0.00
Cashless Payment    : 0.00
Cash Payment        : 3.30
Paid Cash           : 3.30
Change              : 0.00
Bonus               : 0.00
Prepayment          : 0.00
Credit              : 0.00
--------------------------------------------------
