--------------------------------------------------
RECEIPT             : 
--------------------------------------------------
Object Name         : ƏRZAQ MAGAZASI
Address             : AZ1049 BAKI ŞƏHƏRİ SURAXANI RAYONU ƏMİRCAN STQ M.MUSTAFAYEV ev.21
Code                : 2001177702-19002
Tax Payer           : ŞAMXALOV MUSFIQ TƏMRAZ OGLU
TIN                 : 2001177702
Receipt #           : 669250
Cashier             : Kassa2
Date                : 02.01.2025
Time                : 13:53:51
--------------------------------------------------
Product              Qty      Price      Amount    
__________________________________________________
ULKER ALBENI 52 GR ad. 5.0      0.97       4.85      
PROTEX BS MOISTLOCK NOU 150 GR ad. 1.0      177.00     17.00     
PROTEX BS MOISTLOCK SEN 150 GR ad. 1.0      17.00      17.00     
SUN QU SALFET 30*30C M 80*40 QAZ ad. 2.0      0.87       1.74      
Bakixanov Zavod Coreyi Boyuk ad. *VAT-exempt BALLI KULOK STS BOYUK 0.05 1.0      0.55       0.55      
__________________________________________________
Total Amount        : 10.78
Tax Amount          : 10.13
Non-Tax Amount      : 0.65
Cashless Payment    : 0.00
Cash Payment        : 10.78
Paid Cash           : 0.00
Change              : 0.00
Bonus               : 0.00
Prepayment          : 0.00
Credit              : 0.00
--------------------------------------------------
