--------------------------------------------------
RECEIPT             : 
--------------------------------------------------
Object Name         : BAZARSTORE ( XALQLAR DOSTLUĞU )
Address             : AZ1060 BAKI ŞƏHƏRİ NİZAMİ RAYONU QARA QARAYEV PR. ev.124 mə
Code                : 2000102651-16019
Tax Payer           : "BAZARSTORE" MƏHDUD MƏSULİYYƏTLİ CƏMİYYƏTİ
TIN                 : 2000102651
Receipt #           : 380623
Cashier             : Safura Eynullayeva Fikrat
Date                : 05.01.2025
Time                : 18:35:30
--------------------------------------------------
Product              Qty      Price      Amount    
__________________________________________________
BABAYEVSKİY KARAMEL S KAZKA KQ 0.336    7.59       2.55      
BAZARSTORE MARKET T ORBASI 33X60 SM 1.0      0.05       0.05      
COREKCI BATON COREY! 400 Q 1.0      0.85       0.85      
GEZEN TOYUQ YUMURTA S10 1.0      3.60       3.60      
ISTISU MINERAL SU 1 L P ET 1.0      1.40       1.40      
MILCH FARM QAUDA PEN DIR KQ 0.268    12.90      3.48      
__________________________________________________
Total Amount        : 11.93
Tax Amount          : 7.48
Non-Tax Amount      : 4.45
Cashless Payment    : 0.00
Cash Payment        : 11.93
Paid Cash           : 15.00
Change              : 3.07
Bonus               : 0.00
Prepayment          : 0.00
Credit              : 0.00
--------------------------------------------------
