--------------------------------------------------
                     RECEIPT                      
--------------------------------------------------
Store Name          : GRANDMART BESTMART
Address             : AZ1060 BAKI ŞƏHƏRİ NİZAMİ RAYONU QARA QARAYEV PR. ev.126 m-
Code                : 1401395111-16004
Tax Payer           : "GRAND-MART" MƏHDUD MƏSULİYYƏTLİ CƏMİYYƏTİ
TIN                 : 1401395111
Receipt #           : 961182
Cashier             : Agakisiyeva Xayala
Date                : 06.01.2025
Time                : 18:30:55
--------------------------------------------------
Product              Qty      Price      Amount    
__________________________________________________
KESMIK AZ FOOD 200QR PEHRIZ 1.0      1.59       1.59      
COREK COREKC! 600QR  1.0      0.75       0.75      
__________________________________________________
Total Amount        : 2.34
Tax Amount          : 1.59
Non-Tax Amount      : 0.75
Cashless Payment    : 0.00
Cash Payment        : 2.34
Paid Cash           : 10.00
Change              : 7.66
Bonus               : 0.00
Prepayment          : 0.00
Credit              : 0.00
--------------------------------------------------
                    THANK YOU!                    
--------------------------------------------------
