--------------------------------------------------
RECEIPT             : 
--------------------------------------------------
Object Name         : ƏRZAQ MAGAZASI
Address             : AZ1049 BAKI ŞƏHƏRİ SURAXANI RAYONU ƏMİRCAN STQ M.MUSTAFAYEV ev.21
Code                : 2001177702-19002
Tax Payer           : ŞAMXALOV MUSFIQ TƏMRAZ OGLU
TIN                 : 2001177702
Receipt #           : 230834
Cashier             : Kassa5
Date                : 04.01.2025
Time                : 12:57:11
--------------------------------------------------
Product              Qty      Price      Amount    
__________________________________________________
FAIRY QAB MAYE PLATINI UM IT ad, 1.0      9.47       9.47      
Anchor Yag (Ceki) kq. (kg) 1.105    22.50      24.90     
AZERI PRYANIK 500 GRə d. 2.0      2.14       4.28      
B.NORMAL BATON əd.   2.0      0.70       1.40      
GUNESLI ZAVOD COREK ad. 1.0      0.55       0.55      
BALLI KULOK STS BOYUK = 0.05 3.0      0.05       0.15      
__________________________________________________
Total Amount        : 40.81
Tax Amount          : 39.26
Non-Tax Amount      : 1.55
Cashless Payment    : 0.00
Cash Payment        : 40.81
Paid Cash           : 100.00
Change              : 59.19
Bonus               : 0.00
Prepayment          : 0.00
Credit              : 0.00
--------------------------------------------------
