--------------------------------------------------
RECEIPT             : 
--------------------------------------------------
Object Name         : RAHAT MARKET CRESCENT
Address             : AZ1095 BAKI ŞƏHƏRİ NƏSİMİ RAYONU NEFTÇİLƏR PR. ev.64-72.
Code                : 1701102351-14014
Tax Payer           : "ANC GROUP" MƏHDUD MƏSULİYYƏTLİ CƏMİYYƏTİ
TIN                 : 1701102351
Receipt #           : 92784
Cashier             : Ülvüyyə Hacıyeva Mühü...
Date                : 04.01.2025
Time                : 20:04:53
--------------------------------------------------
Product              Qty      Price      Amount    
__________________________________________________
RAHAT QAZSIZ SU 0.5 LIT R 1.0      0.35       0.35      
__________________________________________________
Total Amount        : 0.35
Tax Amount          : 0.35
Non-Tax Amount      : 0.00
Cashless Payment    : 0.35
Cash Payment        : 0.00
Paid Cash           : 0.00
Change              : 0.00
Bonus               : 0.00
Prepayment          : 0.00
Credit              : 0.00
--------------------------------------------------
