--------------------------------------------------
RECEIPT             : 
--------------------------------------------------
Object Name         : APTEK
Address             : AZ1119 BAKI ŞƏHƏRİ NİZAMİ RAYONU QARA QARAYEV PR. ev.1198
Code                : 1401383441-16019
Tax Payer           : "BUTA FARM" MƏHDUD MƏSULİYYƏTLİ CƏMİYYƏTİ
TIN                 : 1401383441
Receipt #           : 445159
Cashier             : Raide Meherremova
Date                : 14.12.2024
Time                : 10:41:39
--------------------------------------------------
Product              Qty      Price      Amount    
__________________________________________________
Probiotik Gold N 20  0.5      19.40      9.70      
Dklerl N14 14        0.5      8.08       4.04      
Nasorin              2.0      11.83      23.66     
__________________________________________________
Total Amount        : 37.40
Tax Amount          : 37.40
Non-Tax Amount      : 0.00
Cashless Payment    : 0.00
Cash Payment        : 35.16
Paid Cash           : 35.20
Change              : 0.04
Bonus               : 2.24
Prepayment          : 0.00
Credit              : 0.00
--------------------------------------------------
