--------------------------------------------------
RECEIPT             : 
--------------------------------------------------
Object Name         : GRANDMART BESTMART
Address             : AZ1060 BAKI ŞƏHƏRİ NİZAMİ RAYONU QARA QARAYEV PR. ev.126 m-
Code                : 1401395111-16004
Tax Payer           : "GRAND-MART" MƏHDUD MƏSULİYYƏTLİ CƏMİYYƏTİ
TIN                 : 1401395111
Receipt #           : 948955
Cashier             : Salmanova Gunel
Date                : 22.12.2024
Time                : 22:10:16
--------------------------------------------------
Product              Qty      Price      Amount    
__________________________________________________
SOK FRUMBA TL MULTIVI TAMIN TP 1.0      1.65       1.65      
AZCAKE BULKA MEKTEBLI 1.0      0.53       0.53      
AZCAKE BULKA MEKTEBLI 1.0      0.53       0.53      
COREK N1 400QR EXTRA 1.0      0.69       0.69      
QARABAG KETESİ NUSH 1 70QR 1.0      0.59       0.59      
MVT.GM MANDARIN UCU Z KG “Trade 1.06     2.00       2.12      
MAGAZA PAKETI BOYUK  1.0      0.05       0.05      
__________________________________________________
Total Amount        : 6.16
Tax Amount          : 3.52
Non-Tax Amount      : 2.64
Cashless Payment    : 6.16
Cash Payment        : 0.00
Paid Cash           : 0.00
Change              : 0.00
Bonus               : 0.00
Prepayment          : 0.00
Credit              : 0.00
--------------------------------------------------
