--------------------------------------------------
RECEIPT             : 
--------------------------------------------------
Object Name         : APTEK
Address             : AZ1073 BAKI ŞƏHƏRİ YASAMAL RAYONU HUSEYN CAVID ev.556/557A
Code                : 1405445821-13004
Tax Payer           : "NOVO PHARM" MƏHDUD MƏSULİYYƏTLİ CƏMİYYƏTİ
TIN                 : 1405445821
Receipt #           : 19887
Cashier             : Kerimov Ramil
Date                : 02.01.2025
Time                : 20:58:51
--------------------------------------------------
Product              Qty      Price      Amount    
__________________________________________________
Allopurinol 100 mq 50 0.6      3.59       2.15      
__________________________________________________
Total Amount        : 2.15
Tax Amount          : 2.15
Non-Tax Amount      : 0.00
Cashless Payment    : 2.15
Cash Payment        : 0.00
Paid Cash           : 0.00
Change              : 0.00
Bonus               : 0.00
Prepayment          : 0.00
Credit              : 0.00
--------------------------------------------------
