--------------------------------------------------
                     RECEIPT                      
--------------------------------------------------
Store Name          : SPAR MARKET
Address             : AZ1141 BAKI ŞƏHƏRİ YASAMAL RAYONU FİRUDİN AĞAYEV ev.9
Code                : 1001994141-13007
Tax Payer           : "ARAZ SUPERMARKET" MƏHDUD MƏSULİYYƏTLİ CəMİYYƏTİ
TIN                 : 1001994141
Receipt #           : 890847
Cashier             : Gulnur Muradxanova
Date                : 15.10.2024
Time                : 16:51:10
--------------------------------------------------
Product              Qty      Price      Amount    
__________________________________________________
XONCA TOYUQ DONERI   1.0      1.90       1.90      
__________________________________________________
Total Amount        : 1.90
Tax Amount          : 1.90
Non-Tax Amount      : 0.00
Cashless Payment    : 0.00
Cash Payment        : 1.90
Paid Cash           : 1.90
Change              : 0.00
Bonus               : 0.00
Prepayment          : 0.00
Credit              : 0.00
--------------------------------------------------
                    THANK YOU!                    
--------------------------------------------------
