Processed in 5 seconds!

--------------------------------------------------
                     RECEIPT                      
--------------------------------------------------
Store Name          : ARAZ MARKET
Address             : AZ0100 ABŞERON RAYONU XİRDALAN ŞƏHƏRİ MEHDİ HÜSEYNZADƏ (XIRDALAN QƏS.) ev.313
Code                : 1001994141-31103
Tax Payer           : "ARAZ SUPERMARKET" MƏHDUD MƏSULİYYƏTLİ CəMİYYƏTİ
TIN                 : 1001994141
Receipt #           : 11647
Cashier             : Nazrin Qurbanlı
Date                : 15.12.2024
Time                : 10:24:40
--------------------------------------------------
Product              Qty      Price      Amount    
__________________________________________________
POMIDOR MUCO KG “Trade 0.66     2.89       1.91      
AURA METBEX DESMALI  1.0      7.84       7.84      
__________________________________________________
Total Amount        : 9.75
Tax Amount          : 7.93
Non-Tax Amount      : 1.82
Cashless Payment    : 9.75
Cash Payment        : 0.00
Paid Cash           : 0.00
Change              : 0.00
Bonus               : 0.00
Prepayment          : 0.00
Credit              : 0.00
--------------------------------------------------
                    THANK YOU!                    
--------------------------------------------------
